<?xml version="1.0" encoding="UTF-8"?>
<!-- Generated by org.testng.reporters.JUnitXMLReporter -->
<testsuite hostname="LAPTOP-L1BFDSGL" ignored="0" name="CheckMainPageContent" tests="9" failures="0" timestamp="11 Jan 2018 01:48:02 GMT" time="14.536" errors="0">
  <testcase name="checkMainAchievements" time="0.087" classname="xboxLiveTestFramework_Tests.UnitContentTest"/>
  <testcase name="checkMainClubs" time="0.058" classname="xboxLiveTestFramework_Tests.UnitContentTest"/>
  <testcase name="checkMainFriends" time="0.034" classname="xboxLiveTestFramework_Tests.UnitContentTest"/>
  <testcase name="checkMainHome" time="0.027" classname="xboxLiveTestFramework_Tests.UnitContentTest"/>
  <testcase name="checkMainMessages" time="0.033" classname="xboxLiveTestFramework_Tests.UnitContentTest"/>
  <testcase name="checkMainMyGame" time="0.03" classname="xboxLiveTestFramework_Tests.UnitContentTest"/>
  <testcase name="checkMainProfile" time="0.033" classname="xboxLiveTestFramework_Tests.UnitContentTest"/>
  <testcase name="checkMainTrending" time="0.036" classname="xboxLiveTestFramework_Tests.UnitContentTest"/>
  <testcase name="checkSignInComponent" time="0.057" classname="xboxLiveTestFramework_Tests.UnitContentTest"/>
</testsuite> <!-- CheckMainPageContent -->
