<?xml version="1.0" encoding="UTF-8"?>
<!-- Generated by org.testng.reporters.JUnitXMLReporter -->
<testsuite hostname="LAPTOP-L1BFDSGL" ignored="0" name="WebDriverFuction" tests="2" failures="0" timestamp="09 Jan 2018 20:42:22 GMT" time="77.086" errors="0">
  <testcase name="signUpFromMainToProfile" time="30.94" classname="xboxLiveTestFramework.SignInProfileTest"/>
  <testcase name="signUpMainToXboxHome" time="28.553" classname="xboxLiveTestFramework.SignInProfileTest"/>
</testsuite> <!-- WebDriverFuction -->
