<?xml version="1.0" encoding="UTF-8"?>
<testng-results skipped="3" failed="2" ignored="24" total="43" passed="14">
  <reporter-output>
  </reporter-output>
  <suite name="All-Tests" duration-ms="531011" started-at="2018-01-30T07:05:10Z" finished-at="2018-01-30T07:14:01Z">
    <groups>
      <group name="search">
        <method signature="MyXboxHomePageTest.findByText()[pri:0, instance:xboxLiveTestFramework_Tests.MyXboxHomePageTest@90f6bfd]" name="findByText" class="xboxLiveTestFramework_Tests.MyXboxHomePageTest"/>
      </group> <!-- search -->
      <group name="view">
        <method signature="MyXboxHomePageTest.viewAccounts()[pri:0, instance:xboxLiveTestFramework_Tests.MyXboxHomePageTest@90f6bfd]" name="viewAccounts" class="xboxLiveTestFramework_Tests.MyXboxHomePageTest"/>
      </group> <!-- view -->
      <group name="post">
        <method signature="MyXboxHomePageTest.openBoxAndComment()[pri:0, instance:xboxLiveTestFramework_Tests.MyXboxHomePageTest@90f6bfd]" name="openBoxAndComment" class="xboxLiveTestFramework_Tests.MyXboxHomePageTest"/>
        <method signature="MyXboxHomePageTest.openBoxAndCommentThenDelete()[pri:0, instance:xboxLiveTestFramework_Tests.MyXboxHomePageTest@90f6bfd]" name="openBoxAndCommentThenDelete" class="xboxLiveTestFramework_Tests.MyXboxHomePageTest"/>
        <method signature="MyXboxHomePageTest.postNewMessage()[pri:0, instance:xboxLiveTestFramework_Tests.MyXboxHomePageTest@90f6bfd]" name="postNewMessage" class="xboxLiveTestFramework_Tests.MyXboxHomePageTest"/>
        <method signature="MyXboxHomePageTest.sharePosts()[pri:0, instance:xboxLiveTestFramework_Tests.MyXboxHomePageTest@90f6bfd]" name="sharePosts" class="xboxLiveTestFramework_Tests.MyXboxHomePageTest"/>
      </group> <!-- post -->
      <group name="like">
        <method signature="MyXboxHomePageTest.postALike()[pri:0, instance:xboxLiveTestFramework_Tests.MyXboxHomePageTest@90f6bfd]" name="postALike" class="xboxLiveTestFramework_Tests.MyXboxHomePageTest"/>
      </group> <!-- like -->
      <group name="facebook">
        <method signature="MyXboxHomePageTest.navigatingToFaceBook()[pri:0, instance:xboxLiveTestFramework_Tests.MyXboxHomePageTest@90f6bfd]" name="navigatingToFaceBook" class="xboxLiveTestFramework_Tests.MyXboxHomePageTest"/>
      </group> <!-- facebook -->
      <group name="mixer">
        <method signature="MyXboxHomePageTest.pickRandomMixerStream()[pri:0, instance:xboxLiveTestFramework_Tests.MyXboxHomePageTest@90f6bfd]" name="pickRandomMixerStream" class="xboxLiveTestFramework_Tests.MyXboxHomePageTest"/>
        <method signature="MyXboxHomePageTest.seeAllMixerStream()[pri:0, instance:xboxLiveTestFramework_Tests.MyXboxHomePageTest@90f6bfd]" name="seeAllMixerStream" class="xboxLiveTestFramework_Tests.MyXboxHomePageTest"/>
      </group> <!-- mixer -->
      <group name="friendsandclubs">
        <method signature="MyXboxHomePageTest.findByText()[pri:0, instance:xboxLiveTestFramework_Tests.MyXboxHomePageTest@90f6bfd]" name="findByText" class="xboxLiveTestFramework_Tests.MyXboxHomePageTest"/>
        <method signature="MyXboxHomePageTest.generalFilters()[pri:0, instance:xboxLiveTestFramework_Tests.MyXboxHomePageTest@90f6bfd]" name="generalFilters" class="xboxLiveTestFramework_Tests.MyXboxHomePageTest"/>
        <method signature="MyXboxHomePageTest.navigatingToFaceBook()[pri:0, instance:xboxLiveTestFramework_Tests.MyXboxHomePageTest@90f6bfd]" name="navigatingToFaceBook" class="xboxLiveTestFramework_Tests.MyXboxHomePageTest"/>
        <method signature="MyXboxHomePageTest.removeSuggestions()[pri:0, instance:xboxLiveTestFramework_Tests.MyXboxHomePageTest@90f6bfd]" name="removeSuggestions" class="xboxLiveTestFramework_Tests.MyXboxHomePageTest"/>
        <method signature="MyXboxHomePageTest.seeAllFilter()[pri:0, instance:xboxLiveTestFramework_Tests.MyXboxHomePageTest@90f6bfd]" name="seeAllFilter" class="xboxLiveTestFramework_Tests.MyXboxHomePageTest"/>
        <method signature="MyXboxHomePageTest.viewAccounts()[pri:0, instance:xboxLiveTestFramework_Tests.MyXboxHomePageTest@90f6bfd]" name="viewAccounts" class="xboxLiveTestFramework_Tests.MyXboxHomePageTest"/>
      </group> <!-- friendsandclubs -->
      <group name="filters">
        <method signature="MyXboxHomePageTest.generalFilters()[pri:0, instance:xboxLiveTestFramework_Tests.MyXboxHomePageTest@90f6bfd]" name="generalFilters" class="xboxLiveTestFramework_Tests.MyXboxHomePageTest"/>
        <method signature="MyXboxHomePageTest.seeAllFilter()[pri:0, instance:xboxLiveTestFramework_Tests.MyXboxHomePageTest@90f6bfd]" name="seeAllFilter" class="xboxLiveTestFramework_Tests.MyXboxHomePageTest"/>
      </group> <!-- filters -->
      <group name="remove">
        <method signature="MyXboxHomePageTest.removeSuggestions()[pri:0, instance:xboxLiveTestFramework_Tests.MyXboxHomePageTest@90f6bfd]" name="removeSuggestions" class="xboxLiveTestFramework_Tests.MyXboxHomePageTest"/>
      </group> <!-- remove -->
      <group name="homepage">
        <method signature="MyXboxHomePageTest.checkPostedLinks()[pri:0, instance:xboxLiveTestFramework_Tests.MyXboxHomePageTest@90f6bfd]" name="checkPostedLinks" class="xboxLiveTestFramework_Tests.MyXboxHomePageTest"/>
        <method signature="MyXboxHomePageTest.deletePost()[pri:0, instance:xboxLiveTestFramework_Tests.MyXboxHomePageTest@90f6bfd]" name="deletePost" class="xboxLiveTestFramework_Tests.MyXboxHomePageTest"/>
        <method signature="MyXboxHomePageTest.expandList()[pri:0, instance:xboxLiveTestFramework_Tests.MyXboxHomePageTest@90f6bfd]" name="expandList" class="xboxLiveTestFramework_Tests.MyXboxHomePageTest"/>
        <method signature="MyXboxHomePageTest.findByText()[pri:0, instance:xboxLiveTestFramework_Tests.MyXboxHomePageTest@90f6bfd]" name="findByText" class="xboxLiveTestFramework_Tests.MyXboxHomePageTest"/>
        <method signature="MyXboxHomePageTest.generalFilters()[pri:0, instance:xboxLiveTestFramework_Tests.MyXboxHomePageTest@90f6bfd]" name="generalFilters" class="xboxLiveTestFramework_Tests.MyXboxHomePageTest"/>
        <method signature="MyXboxHomePageTest.navigatingToFaceBook()[pri:0, instance:xboxLiveTestFramework_Tests.MyXboxHomePageTest@90f6bfd]" name="navigatingToFaceBook" class="xboxLiveTestFramework_Tests.MyXboxHomePageTest"/>
        <method signature="MyXboxHomePageTest.openBoxAndComment()[pri:0, instance:xboxLiveTestFramework_Tests.MyXboxHomePageTest@90f6bfd]" name="openBoxAndComment" class="xboxLiveTestFramework_Tests.MyXboxHomePageTest"/>
        <method signature="MyXboxHomePageTest.openBoxAndCommentThenDelete()[pri:0, instance:xboxLiveTestFramework_Tests.MyXboxHomePageTest@90f6bfd]" name="openBoxAndCommentThenDelete" class="xboxLiveTestFramework_Tests.MyXboxHomePageTest"/>
        <method signature="MyXboxHomePageTest.pickRandomMixerStream()[pri:0, instance:xboxLiveTestFramework_Tests.MyXboxHomePageTest@90f6bfd]" name="pickRandomMixerStream" class="xboxLiveTestFramework_Tests.MyXboxHomePageTest"/>
        <method signature="MyXboxHomePageTest.postALike()[pri:0, instance:xboxLiveTestFramework_Tests.MyXboxHomePageTest@90f6bfd]" name="postALike" class="xboxLiveTestFramework_Tests.MyXboxHomePageTest"/>
        <method signature="MyXboxHomePageTest.postNewMessage()[pri:0, instance:xboxLiveTestFramework_Tests.MyXboxHomePageTest@90f6bfd]" name="postNewMessage" class="xboxLiveTestFramework_Tests.MyXboxHomePageTest"/>
        <method signature="MyXboxHomePageTest.removeSuggestions()[pri:0, instance:xboxLiveTestFramework_Tests.MyXboxHomePageTest@90f6bfd]" name="removeSuggestions" class="xboxLiveTestFramework_Tests.MyXboxHomePageTest"/>
        <method signature="MyXboxHomePageTest.seeAllFilter()[pri:0, instance:xboxLiveTestFramework_Tests.MyXboxHomePageTest@90f6bfd]" name="seeAllFilter" class="xboxLiveTestFramework_Tests.MyXboxHomePageTest"/>
        <method signature="MyXboxHomePageTest.seeAllMixerStream()[pri:0, instance:xboxLiveTestFramework_Tests.MyXboxHomePageTest@90f6bfd]" name="seeAllMixerStream" class="xboxLiveTestFramework_Tests.MyXboxHomePageTest"/>
        <method signature="MyXboxHomePageTest.sharePosts()[pri:0, instance:xboxLiveTestFramework_Tests.MyXboxHomePageTest@90f6bfd]" name="sharePosts" class="xboxLiveTestFramework_Tests.MyXboxHomePageTest"/>
        <method signature="MyXboxHomePageTest.viewAccounts()[pri:0, instance:xboxLiveTestFramework_Tests.MyXboxHomePageTest@90f6bfd]" name="viewAccounts" class="xboxLiveTestFramework_Tests.MyXboxHomePageTest"/>
      </group> <!-- homepage -->
    </groups>
    <test name="Tests" duration-ms="531011" started-at="2018-01-30T07:05:10Z" finished-at="2018-01-30T07:14:01Z">
      <class name="xboxLiveTestFramework_Tests.MyXboxHomePageTest">
        <test-method status="PASS" signature="setUp()[pri:0, instance:xboxLiveTestFramework_Tests.MyXboxHomePageTest@90f6bfd]" name="setUp" is-config="true" duration-ms="5900" started-at="2018-01-29T23:05:10Z" finished-at="2018-01-29T23:05:16Z">
          <reporter-output>
          </reporter-output>
        </test-method> <!-- setUp -->
        <test-method status="PASS" signature="setUpAccount()[pri:0, instance:xboxLiveTestFramework_Tests.MyXboxHomePageTest@90f6bfd]" name="setUpAccount" is-config="true" duration-ms="32968" started-at="2018-01-29T23:05:16Z" finished-at="2018-01-29T23:05:49Z">
          <reporter-output>
          </reporter-output>
        </test-method> <!-- setUpAccount -->
        <test-method status="PASS" signature="pause()[pri:0, instance:xboxLiveTestFramework_Tests.MyXboxHomePageTest@90f6bfd]" name="pause" is-config="true" duration-ms="2008" started-at="2018-01-29T23:05:49Z" finished-at="2018-01-29T23:05:51Z">
          <reporter-output>
          </reporter-output>
        </test-method> <!-- pause -->
        <test-method status="PASS" signature="beforeTest()[pri:0, instance:xboxLiveTestFramework_Tests.MyXboxHomePageTest@90f6bfd]" name="beforeTest" is-config="true" duration-ms="93" started-at="2018-01-29T23:05:51Z" finished-at="2018-01-29T23:05:51Z">
          <reporter-output>
          </reporter-output>
        </test-method> <!-- beforeTest -->
        <test-method status="PASS" signature="checkPostedLinks()[pri:0, instance:xboxLiveTestFramework_Tests.MyXboxHomePageTest@90f6bfd]" name="checkPostedLinks" duration-ms="29722" started-at="2018-01-29T23:05:51Z" finished-at="2018-01-29T23:06:21Z">
          <reporter-output>
          </reporter-output>
        </test-method> <!-- checkPostedLinks -->
        <test-method status="PASS" signature="startPoint()[pri:0, instance:xboxLiveTestFramework_Tests.MyXboxHomePageTest@90f6bfd]" name="startPoint" is-config="true" duration-ms="2733" started-at="2018-01-29T23:06:21Z" finished-at="2018-01-29T23:06:23Z">
          <reporter-output>
          </reporter-output>
        </test-method> <!-- startPoint -->
        <test-method status="PASS" signature="beforeTest()[pri:0, instance:xboxLiveTestFramework_Tests.MyXboxHomePageTest@90f6bfd]" name="beforeTest" is-config="true" duration-ms="842" started-at="2018-01-29T23:06:23Z" finished-at="2018-01-29T23:06:24Z">
          <reporter-output>
          </reporter-output>
        </test-method> <!-- beforeTest -->
        <test-method status="PASS" signature="deletePost()[pri:0, instance:xboxLiveTestFramework_Tests.MyXboxHomePageTest@90f6bfd]" name="deletePost" duration-ms="11295" started-at="2018-01-29T23:06:24Z" finished-at="2018-01-29T23:06:35Z">
          <reporter-output>
          </reporter-output>
        </test-method> <!-- deletePost -->
        <test-method status="PASS" signature="startPoint()[pri:0, instance:xboxLiveTestFramework_Tests.MyXboxHomePageTest@90f6bfd]" name="startPoint" is-config="true" duration-ms="2095" started-at="2018-01-29T23:06:35Z" finished-at="2018-01-29T23:06:38Z">
          <reporter-output>
          </reporter-output>
        </test-method> <!-- startPoint -->
        <test-method status="PASS" signature="beforeTest()[pri:0, instance:xboxLiveTestFramework_Tests.MyXboxHomePageTest@90f6bfd]" name="beforeTest" is-config="true" duration-ms="817" started-at="2018-01-29T23:06:38Z" finished-at="2018-01-29T23:06:38Z">
          <reporter-output>
          </reporter-output>
        </test-method> <!-- beforeTest -->
        <test-method status="PASS" signature="expandList()[pri:0, instance:xboxLiveTestFramework_Tests.MyXboxHomePageTest@90f6bfd]" name="expandList" duration-ms="5477" started-at="2018-01-29T23:06:38Z" finished-at="2018-01-29T23:06:44Z">
          <reporter-output>
          </reporter-output>
        </test-method> <!-- expandList -->
        <test-method status="PASS" signature="startPoint()[pri:0, instance:xboxLiveTestFramework_Tests.MyXboxHomePageTest@90f6bfd]" name="startPoint" is-config="true" duration-ms="2573" started-at="2018-01-29T23:06:44Z" finished-at="2018-01-29T23:06:46Z">
          <reporter-output>
          </reporter-output>
        </test-method> <!-- startPoint -->
        <test-method status="PASS" signature="beforeTest()[pri:0, instance:xboxLiveTestFramework_Tests.MyXboxHomePageTest@90f6bfd]" name="beforeTest" is-config="true" duration-ms="623" started-at="2018-01-29T23:06:46Z" finished-at="2018-01-29T23:06:47Z">
          <reporter-output>
          </reporter-output>
        </test-method> <!-- beforeTest -->
        <test-method status="PASS" signature="findByText()[pri:0, instance:xboxLiveTestFramework_Tests.MyXboxHomePageTest@90f6bfd]" name="findByText" duration-ms="17205" started-at="2018-01-29T23:06:47Z" finished-at="2018-01-29T23:07:04Z">
          <reporter-output>
          </reporter-output>
        </test-method> <!-- findByText -->
        <test-method status="PASS" signature="startPoint()[pri:0, instance:xboxLiveTestFramework_Tests.MyXboxHomePageTest@90f6bfd]" name="startPoint" is-config="true" duration-ms="2628" started-at="2018-01-29T23:07:04Z" finished-at="2018-01-29T23:07:07Z">
          <reporter-output>
          </reporter-output>
        </test-method> <!-- startPoint -->
        <test-method status="PASS" signature="beforeTest()[pri:0, instance:xboxLiveTestFramework_Tests.MyXboxHomePageTest@90f6bfd]" name="beforeTest" is-config="true" duration-ms="578" started-at="2018-01-29T23:07:07Z" finished-at="2018-01-29T23:07:07Z">
          <reporter-output>
          </reporter-output>
        </test-method> <!-- beforeTest -->
        <test-method status="PASS" signature="generalFilters()[pri:0, instance:xboxLiveTestFramework_Tests.MyXboxHomePageTest@90f6bfd]" name="generalFilters" duration-ms="56356" started-at="2018-01-29T23:07:07Z" finished-at="2018-01-29T23:08:04Z">
          <reporter-output>
          </reporter-output>
        </test-method> <!-- generalFilters -->
        <test-method status="PASS" signature="startPoint()[pri:0, instance:xboxLiveTestFramework_Tests.MyXboxHomePageTest@90f6bfd]" name="startPoint" is-config="true" duration-ms="1817" started-at="2018-01-29T23:08:04Z" finished-at="2018-01-29T23:08:06Z">
          <reporter-output>
          </reporter-output>
        </test-method> <!-- startPoint -->
        <test-method status="PASS" signature="beforeTest()[pri:0, instance:xboxLiveTestFramework_Tests.MyXboxHomePageTest@90f6bfd]" name="beforeTest" is-config="true" duration-ms="952" started-at="2018-01-29T23:08:06Z" finished-at="2018-01-29T23:08:07Z">
          <reporter-output>
          </reporter-output>
        </test-method> <!-- beforeTest -->
        <test-method status="SKIP" signature="navigatingToFaceBook()[pri:0, instance:xboxLiveTestFramework_Tests.MyXboxHomePageTest@90f6bfd]" name="navigatingToFaceBook" duration-ms="4470" started-at="2018-01-29T23:08:07Z" finished-at="2018-01-29T23:08:11Z">
          <exception class="org.openqa.selenium.ElementNotInteractableException">
            <message>
              <![CDATA[Element <a href="/en-us/friends/facebookfriends"> could not be scrolled into viewBuild info: version: '3.7.1', revision: '8a0099a', time: '2017-11-06T21:01:39.354Z'System info: host: 'LAPTOP-L1BFDSGL', ip: '10.0.0.26', os.name: 'Windows 10', os.arch: 'amd64', os.version: '10.0', java.version: '1.8.0_161'Driver info: org.openqa.selenium.firefox.FirefoxDriverCapabilities {acceptInsecureCerts: true, browserName: firefox, browserVersion: 58.0.1, javascriptEnabled: true, moz:accessibilityChecks: false, moz:headless: false, moz:processID: 14900, moz:profile: C:\Users\Rigat\AppData\Loca..., moz:webdriverClick: true, pageLoadStrategy: normal, platform: XP, platformName: XP, platformVersion: 10.0, rotatable: false, timeouts: {implicit: 0, pageLoad: 300000, script: 30000}}Session ID: e52936bd-72da-4b95-b87d-6ccf72e059a3]]>
            </message>
            <full-stacktrace>
              <![CDATA[org.openqa.selenium.ElementNotInteractableException: Element <a href="/en-us/friends/facebookfriends"> could not be scrolled into viewBuild info: version: '3.7.1', revision: '8a0099a', time: '2017-11-06T21:01:39.354Z'System info: host: 'LAPTOP-L1BFDSGL', ip: '10.0.0.26', os.name: 'Windows 10', os.arch: 'amd64', os.version: '10.0', java.version: '1.8.0_161'Driver info: org.openqa.selenium.firefox.FirefoxDriverCapabilities {acceptInsecureCerts: true, browserName: firefox, browserVersion: 58.0.1, javascriptEnabled: true, moz:accessibilityChecks: false, moz:headless: false, moz:processID: 14900, moz:profile: C:\Users\Rigat\AppData\Loca..., moz:webdriverClick: true, pageLoadStrategy: normal, platform: XP, platformName: XP, platformVersion: 10.0, rotatable: false, timeouts: {implicit: 0, pageLoad: 300000, script: 30000}}Session ID: e52936bd-72da-4b95-b87d-6ccf72e059a3at sun.reflect.NativeConstructorAccessorImpl.newInstance0(Native Method)at sun.reflect.NativeConstructorAccessorImpl.newInstance(Unknown Source)at sun.reflect.DelegatingConstructorAccessorImpl.newInstance(Unknown Source)at java.lang.reflect.Constructor.newInstance(Unknown Source)at org.openqa.selenium.remote.http.W3CHttpResponseCodec.createException(W3CHttpResponseCodec.java:187)at org.openqa.selenium.remote.http.W3CHttpResponseCodec.decode(W3CHttpResponseCodec.java:122)at org.openqa.selenium.remote.http.W3CHttpResponseCodec.decode(W3CHttpResponseCodec.java:49)at org.openqa.selenium.remote.HttpCommandExecutor.execute(HttpCommandExecutor.java:164)at org.openqa.selenium.remote.service.DriverCommandExecutor.execute(DriverCommandExecutor.java:83)at org.openqa.selenium.remote.RemoteWebDriver.execute(RemoteWebDriver.java:600)at org.openqa.selenium.remote.RemoteWebElement.execute(RemoteWebElement.java:279)at org.openqa.selenium.remote.RemoteWebElement.click(RemoteWebElement.java:83)at xboxLivePageObjects_Lib.FriendsandClubsComponent.findFaceBookFriends(FriendsandClubsComponent.java:319)at xboxLiveTestFramework_Tests.MyXboxHomePageTest.navigatingToFaceBook(MyXboxHomePageTest.java:237)at sun.reflect.NativeMethodAccessorImpl.invoke0(Native Method)at sun.reflect.NativeMethodAccessorImpl.invoke(Unknown Source)at sun.reflect.DelegatingMethodAccessorImpl.invoke(Unknown Source)at java.lang.reflect.Method.invoke(Unknown Source)at org.testng.internal.MethodInvocationHelper.invokeMethod(MethodInvocationHelper.java:124)at org.testng.internal.Invoker.invokeMethod(Invoker.java:571)at org.testng.internal.Invoker.invokeTestMethod(Invoker.java:707)at org.testng.internal.Invoker.invokeTestMethods(Invoker.java:979)at org.testng.internal.TestMethodWorker.invokeTestMethods(TestMethodWorker.java:125)at org.testng.internal.TestMethodWorker.run(TestMethodWorker.java:109)at org.testng.TestRunner.privateRun(TestRunner.java:648)at org.testng.TestRunner.run(TestRunner.java:505)at org.testng.SuiteRunner.runTest(SuiteRunner.java:455)at org.testng.SuiteRunner.runSequentially(SuiteRunner.java:450)at org.testng.SuiteRunner.privateRun(SuiteRunner.java:415)at org.testng.SuiteRunner.run(SuiteRunner.java:364)at org.testng.SuiteRunnerWorker.runSuite(SuiteRunnerWorker.java:52)at org.testng.SuiteRunnerWorker.run(SuiteRunnerWorker.java:84)at org.testng.TestNG.runSuitesSequentially(TestNG.java:1187)at org.testng.TestNG.runSuitesLocally(TestNG.java:1116)at org.testng.TestNG.runSuites(TestNG.java:1028)at org.testng.TestNG.run(TestNG.java:996)at org.apache.maven.surefire.testng.TestNGExecutor.run(TestNGExecutor.java:283)at org.apache.maven.surefire.testng.TestNGXmlTestSuite.execute(TestNGXmlTestSuite.java:75)at org.apache.maven.surefire.testng.TestNGProvider.invoke(TestNGProvider.java:120)at org.apache.maven.surefire.booter.ForkedBooter.invokeProviderInSameClassLoader(ForkedBooter.java:373)at org.apache.maven.surefire.booter.ForkedBooter.runSuitesInProcess(ForkedBooter.java:334)at org.apache.maven.surefire.booter.ForkedBooter.execute(ForkedBooter.java:119)at org.apache.maven.surefire.booter.ForkedBooter.main(ForkedBooter.java:407)]]>
            </full-stacktrace>
          </exception> <!-- org.openqa.selenium.ElementNotInteractableException -->
          <reporter-output>
          </reporter-output>
        </test-method> <!-- navigatingToFaceBook -->
        <test-method status="PASS" signature="startPoint()[pri:0, instance:xboxLiveTestFramework_Tests.MyXboxHomePageTest@90f6bfd]" name="startPoint" is-config="true" duration-ms="2777" started-at="2018-01-29T23:08:11Z" finished-at="2018-01-29T23:08:14Z">
          <reporter-output>
          </reporter-output>
        </test-method> <!-- startPoint -->
        <test-method status="PASS" signature="beforeTest()[pri:0, instance:xboxLiveTestFramework_Tests.MyXboxHomePageTest@90f6bfd]" name="beforeTest" is-config="true" duration-ms="4475" started-at="2018-01-29T23:08:14Z" finished-at="2018-01-29T23:08:18Z">
          <reporter-output>
          </reporter-output>
        </test-method> <!-- beforeTest -->
        <test-method status="FAIL" signature="navigatingToFaceBook()[pri:0, instance:xboxLiveTestFramework_Tests.MyXboxHomePageTest@90f6bfd]" name="navigatingToFaceBook" duration-ms="4537" started-at="2018-01-29T23:08:18Z" finished-at="2018-01-29T23:08:23Z">
          <exception class="org.openqa.selenium.ElementNotInteractableException">
            <message>
              <![CDATA[Element <a href="/en-us/friends/facebookfriends"> could not be scrolled into viewBuild info: version: '3.7.1', revision: '8a0099a', time: '2017-11-06T21:01:39.354Z'System info: host: 'LAPTOP-L1BFDSGL', ip: '10.0.0.26', os.name: 'Windows 10', os.arch: 'amd64', os.version: '10.0', java.version: '1.8.0_161'Driver info: org.openqa.selenium.firefox.FirefoxDriverCapabilities {acceptInsecureCerts: true, browserName: firefox, browserVersion: 58.0.1, javascriptEnabled: true, moz:accessibilityChecks: false, moz:headless: false, moz:processID: 14900, moz:profile: C:\Users\Rigat\AppData\Loca..., moz:webdriverClick: true, pageLoadStrategy: normal, platform: XP, platformName: XP, platformVersion: 10.0, rotatable: false, timeouts: {implicit: 0, pageLoad: 300000, script: 30000}}Session ID: e52936bd-72da-4b95-b87d-6ccf72e059a3]]>
            </message>
            <full-stacktrace>
              <![CDATA[org.openqa.selenium.ElementNotInteractableException: Element <a href="/en-us/friends/facebookfriends"> could not be scrolled into viewBuild info: version: '3.7.1', revision: '8a0099a', time: '2017-11-06T21:01:39.354Z'System info: host: 'LAPTOP-L1BFDSGL', ip: '10.0.0.26', os.name: 'Windows 10', os.arch: 'amd64', os.version: '10.0', java.version: '1.8.0_161'Driver info: org.openqa.selenium.firefox.FirefoxDriverCapabilities {acceptInsecureCerts: true, browserName: firefox, browserVersion: 58.0.1, javascriptEnabled: true, moz:accessibilityChecks: false, moz:headless: false, moz:processID: 14900, moz:profile: C:\Users\Rigat\AppData\Loca..., moz:webdriverClick: true, pageLoadStrategy: normal, platform: XP, platformName: XP, platformVersion: 10.0, rotatable: false, timeouts: {implicit: 0, pageLoad: 300000, script: 30000}}Session ID: e52936bd-72da-4b95-b87d-6ccf72e059a3at sun.reflect.NativeConstructorAccessorImpl.newInstance0(Native Method)at sun.reflect.NativeConstructorAccessorImpl.newInstance(Unknown Source)at sun.reflect.DelegatingConstructorAccessorImpl.newInstance(Unknown Source)at java.lang.reflect.Constructor.newInstance(Unknown Source)at org.openqa.selenium.remote.http.W3CHttpResponseCodec.createException(W3CHttpResponseCodec.java:187)at org.openqa.selenium.remote.http.W3CHttpResponseCodec.decode(W3CHttpResponseCodec.java:122)at org.openqa.selenium.remote.http.W3CHttpResponseCodec.decode(W3CHttpResponseCodec.java:49)at org.openqa.selenium.remote.HttpCommandExecutor.execute(HttpCommandExecutor.java:164)at org.openqa.selenium.remote.service.DriverCommandExecutor.execute(DriverCommandExecutor.java:83)at org.openqa.selenium.remote.RemoteWebDriver.execute(RemoteWebDriver.java:600)at org.openqa.selenium.remote.RemoteWebElement.execute(RemoteWebElement.java:279)at org.openqa.selenium.remote.RemoteWebElement.click(RemoteWebElement.java:83)at xboxLivePageObjects_Lib.FriendsandClubsComponent.findFaceBookFriends(FriendsandClubsComponent.java:319)at xboxLiveTestFramework_Tests.MyXboxHomePageTest.navigatingToFaceBook(MyXboxHomePageTest.java:237)at sun.reflect.NativeMethodAccessorImpl.invoke0(Native Method)at sun.reflect.NativeMethodAccessorImpl.invoke(Unknown Source)at sun.reflect.DelegatingMethodAccessorImpl.invoke(Unknown Source)at java.lang.reflect.Method.invoke(Unknown Source)at org.testng.internal.MethodInvocationHelper.invokeMethod(MethodInvocationHelper.java:124)at org.testng.internal.Invoker.invokeMethod(Invoker.java:571)at org.testng.internal.Invoker.retryFailed(Invoker.java:829)at org.testng.internal.Invoker.invokeTestMethods(Invoker.java:1000)at org.testng.internal.TestMethodWorker.invokeTestMethods(TestMethodWorker.java:125)at org.testng.internal.TestMethodWorker.run(TestMethodWorker.java:109)at org.testng.TestRunner.privateRun(TestRunner.java:648)at org.testng.TestRunner.run(TestRunner.java:505)at org.testng.SuiteRunner.runTest(SuiteRunner.java:455)at org.testng.SuiteRunner.runSequentially(SuiteRunner.java:450)at org.testng.SuiteRunner.privateRun(SuiteRunner.java:415)at org.testng.SuiteRunner.run(SuiteRunner.java:364)at org.testng.SuiteRunnerWorker.runSuite(SuiteRunnerWorker.java:52)at org.testng.SuiteRunnerWorker.run(SuiteRunnerWorker.java:84)at org.testng.TestNG.runSuitesSequentially(TestNG.java:1187)at org.testng.TestNG.runSuitesLocally(TestNG.java:1116)at org.testng.TestNG.runSuites(TestNG.java:1028)at org.testng.TestNG.run(TestNG.java:996)at org.apache.maven.surefire.testng.TestNGExecutor.run(TestNGExecutor.java:283)at org.apache.maven.surefire.testng.TestNGXmlTestSuite.execute(TestNGXmlTestSuite.java:75)at org.apache.maven.surefire.testng.TestNGProvider.invoke(TestNGProvider.java:120)at org.apache.maven.surefire.booter.ForkedBooter.invokeProviderInSameClassLoader(ForkedBooter.java:373)at org.apache.maven.surefire.booter.ForkedBooter.runSuitesInProcess(ForkedBooter.java:334)at org.apache.maven.surefire.booter.ForkedBooter.execute(ForkedBooter.java:119)at org.apache.maven.surefire.booter.ForkedBooter.main(ForkedBooter.java:407)]]>
            </full-stacktrace>
          </exception> <!-- org.openqa.selenium.ElementNotInteractableException -->
          <reporter-output>
          </reporter-output>
        </test-method> <!-- navigatingToFaceBook -->
        <test-method status="PASS" signature="startPoint()[pri:0, instance:xboxLiveTestFramework_Tests.MyXboxHomePageTest@90f6bfd]" name="startPoint" is-config="true" duration-ms="2656" started-at="2018-01-29T23:08:23Z" finished-at="2018-01-29T23:08:26Z">
          <reporter-output>
          </reporter-output>
        </test-method> <!-- startPoint -->
        <test-method status="PASS" signature="beforeTest()[pri:0, instance:xboxLiveTestFramework_Tests.MyXboxHomePageTest@90f6bfd]" name="beforeTest" is-config="true" duration-ms="659" started-at="2018-01-29T23:08:26Z" finished-at="2018-01-29T23:08:26Z">
          <reporter-output>
          </reporter-output>
        </test-method> <!-- beforeTest -->
        <test-method status="PASS" signature="openBoxAndComment()[pri:0, instance:xboxLiveTestFramework_Tests.MyXboxHomePageTest@90f6bfd]" name="openBoxAndComment" duration-ms="11339" started-at="2018-01-29T23:08:26Z" finished-at="2018-01-29T23:08:38Z">
          <reporter-output>
          </reporter-output>
        </test-method> <!-- openBoxAndComment -->
        <test-method status="PASS" signature="startPoint()[pri:0, instance:xboxLiveTestFramework_Tests.MyXboxHomePageTest@90f6bfd]" name="startPoint" is-config="true" duration-ms="6297" started-at="2018-01-29T23:08:38Z" finished-at="2018-01-29T23:08:44Z">
          <reporter-output>
          </reporter-output>
        </test-method> <!-- startPoint -->
        <test-method status="PASS" signature="beforeTest()[pri:0, instance:xboxLiveTestFramework_Tests.MyXboxHomePageTest@90f6bfd]" name="beforeTest" is-config="true" duration-ms="755" started-at="2018-01-29T23:08:44Z" finished-at="2018-01-29T23:08:45Z">
          <reporter-output>
          </reporter-output>
        </test-method> <!-- beforeTest -->
        <test-method status="SKIP" signature="openBoxAndCommentThenDelete()[pri:0, instance:xboxLiveTestFramework_Tests.MyXboxHomePageTest@90f6bfd]" name="openBoxAndCommentThenDelete" duration-ms="23667" started-at="2018-01-29T23:08:45Z" finished-at="2018-01-29T23:09:08Z">
          <exception class="org.openqa.selenium.NoSuchElementException">
            <message>
              <![CDATA[Unable to locate element: .commentFor documentation on this error, please visit: http://seleniumhq.org/exceptions/no_such_element.htmlBuild info: version: '3.7.1', revision: '8a0099a', time: '2017-11-06T21:01:39.354Z'System info: host: 'LAPTOP-L1BFDSGL', ip: '10.0.0.26', os.name: 'Windows 10', os.arch: 'amd64', os.version: '10.0', java.version: '1.8.0_161'Driver info: org.openqa.selenium.firefox.FirefoxDriverCapabilities {acceptInsecureCerts: true, browserName: firefox, browserVersion: 58.0.1, javascriptEnabled: true, moz:accessibilityChecks: false, moz:headless: false, moz:processID: 14900, moz:profile: C:\Users\Rigat\AppData\Loca..., moz:webdriverClick: true, pageLoadStrategy: normal, platform: XP, platformName: XP, platformVersion: 10.0, rotatable: false, timeouts: {implicit: 0, pageLoad: 300000, script: 30000}}Session ID: e52936bd-72da-4b95-b87d-6ccf72e059a3*** Element info: {Using=class name, value=comment}]]>
            </message>
            <full-stacktrace>
              <![CDATA[org.openqa.selenium.NoSuchElementException: Unable to locate element: .commentFor documentation on this error, please visit: http://seleniumhq.org/exceptions/no_such_element.htmlBuild info: version: '3.7.1', revision: '8a0099a', time: '2017-11-06T21:01:39.354Z'System info: host: 'LAPTOP-L1BFDSGL', ip: '10.0.0.26', os.name: 'Windows 10', os.arch: 'amd64', os.version: '10.0', java.version: '1.8.0_161'Driver info: org.openqa.selenium.firefox.FirefoxDriverCapabilities {acceptInsecureCerts: true, browserName: firefox, browserVersion: 58.0.1, javascriptEnabled: true, moz:accessibilityChecks: false, moz:headless: false, moz:processID: 14900, moz:profile: C:\Users\Rigat\AppData\Loca..., moz:webdriverClick: true, pageLoadStrategy: normal, platform: XP, platformName: XP, platformVersion: 10.0, rotatable: false, timeouts: {implicit: 0, pageLoad: 300000, script: 30000}}Session ID: e52936bd-72da-4b95-b87d-6ccf72e059a3*** Element info: {Using=class name, value=comment}at sun.reflect.NativeConstructorAccessorImpl.newInstance0(Native Method)at sun.reflect.NativeConstructorAccessorImpl.newInstance(Unknown Source)at sun.reflect.DelegatingConstructorAccessorImpl.newInstance(Unknown Source)at java.lang.reflect.Constructor.newInstance(Unknown Source)at org.openqa.selenium.remote.http.W3CHttpResponseCodec.createException(W3CHttpResponseCodec.java:187)at org.openqa.selenium.remote.http.W3CHttpResponseCodec.decode(W3CHttpResponseCodec.java:122)at org.openqa.selenium.remote.http.W3CHttpResponseCodec.decode(W3CHttpResponseCodec.java:49)at org.openqa.selenium.remote.HttpCommandExecutor.execute(HttpCommandExecutor.java:164)at org.openqa.selenium.remote.service.DriverCommandExecutor.execute(DriverCommandExecutor.java:83)at org.openqa.selenium.remote.RemoteWebDriver.execute(RemoteWebDriver.java:600)at org.openqa.selenium.remote.RemoteWebElement.execute(RemoteWebElement.java:279)at org.openqa.selenium.remote.RemoteWebElement.findElement(RemoteWebElement.java:179)at org.openqa.selenium.remote.RemoteWebElement.findElementByClassName(RemoteWebElement.java:239)at org.openqa.selenium.By$ByClassName.findElement(By.java:391)at org.openqa.selenium.remote.RemoteWebElement.findElement(RemoteWebElement.java:175)at xboxLivePageObjects_Lib.ActivityFeedComponent.veiwNewCommentDialogBox(ActivityFeedComponent.java:304)at xboxLivePageObjects_Lib.ActivityFeedComponent.deleteRecentComment(ActivityFeedComponent.java:354)at xboxLiveTestFramework_Tests.MyXboxHomePageTest.openBoxAndCommentThenDelete(MyXboxHomePageTest.java:81)at sun.reflect.NativeMethodAccessorImpl.invoke0(Native Method)at sun.reflect.NativeMethodAccessorImpl.invoke(Unknown Source)at sun.reflect.DelegatingMethodAccessorImpl.invoke(Unknown Source)at java.lang.reflect.Method.invoke(Unknown Source)at org.testng.internal.MethodInvocationHelper.invokeMethod(MethodInvocationHelper.java:124)at org.testng.internal.Invoker.invokeMethod(Invoker.java:571)at org.testng.internal.Invoker.invokeTestMethod(Invoker.java:707)at org.testng.internal.Invoker.invokeTestMethods(Invoker.java:979)at org.testng.internal.TestMethodWorker.invokeTestMethods(TestMethodWorker.java:125)at org.testng.internal.TestMethodWorker.run(TestMethodWorker.java:109)at org.testng.TestRunner.privateRun(TestRunner.java:648)at org.testng.TestRunner.run(TestRunner.java:505)at org.testng.SuiteRunner.runTest(SuiteRunner.java:455)at org.testng.SuiteRunner.runSequentially(SuiteRunner.java:450)at org.testng.SuiteRunner.privateRun(SuiteRunner.java:415)at org.testng.SuiteRunner.run(SuiteRunner.java:364)at org.testng.SuiteRunnerWorker.runSuite(SuiteRunnerWorker.java:52)at org.testng.SuiteRunnerWorker.run(SuiteRunnerWorker.java:84)at org.testng.TestNG.runSuitesSequentially(TestNG.java:1187)at org.testng.TestNG.runSuitesLocally(TestNG.java:1116)at org.testng.TestNG.runSuites(TestNG.java:1028)at org.testng.TestNG.run(TestNG.java:996)at org.apache.maven.surefire.testng.TestNGExecutor.run(TestNGExecutor.java:283)at org.apache.maven.surefire.testng.TestNGXmlTestSuite.execute(TestNGXmlTestSuite.java:75)at org.apache.maven.surefire.testng.TestNGProvider.invoke(TestNGProvider.java:120)at org.apache.maven.surefire.booter.ForkedBooter.invokeProviderInSameClassLoader(ForkedBooter.java:373)at org.apache.maven.surefire.booter.ForkedBooter.runSuitesInProcess(ForkedBooter.java:334)at org.apache.maven.surefire.booter.ForkedBooter.execute(ForkedBooter.java:119)at org.apache.maven.surefire.booter.ForkedBooter.main(ForkedBooter.java:407)]]>
            </full-stacktrace>
          </exception> <!-- org.openqa.selenium.NoSuchElementException -->
          <reporter-output>
          </reporter-output>
        </test-method> <!-- openBoxAndCommentThenDelete -->
        <test-method status="PASS" signature="startPoint()[pri:0, instance:xboxLiveTestFramework_Tests.MyXboxHomePageTest@90f6bfd]" name="startPoint" is-config="true" duration-ms="1976" started-at="2018-01-29T23:09:08Z" finished-at="2018-01-29T23:09:10Z">
          <reporter-output>
          </reporter-output>
        </test-method> <!-- startPoint -->
        <test-method status="PASS" signature="beforeTest()[pri:0, instance:xboxLiveTestFramework_Tests.MyXboxHomePageTest@90f6bfd]" name="beforeTest" is-config="true" duration-ms="780" started-at="2018-01-29T23:09:10Z" finished-at="2018-01-29T23:09:11Z">
          <reporter-output>
          </reporter-output>
        </test-method> <!-- beforeTest -->
        <test-method status="PASS" signature="openBoxAndCommentThenDelete()[pri:0, instance:xboxLiveTestFramework_Tests.MyXboxHomePageTest@90f6bfd]" name="openBoxAndCommentThenDelete" duration-ms="24636" started-at="2018-01-29T23:09:11Z" finished-at="2018-01-29T23:09:36Z">
          <reporter-output>
          </reporter-output>
        </test-method> <!-- openBoxAndCommentThenDelete -->
        <test-method status="PASS" signature="startPoint()[pri:0, instance:xboxLiveTestFramework_Tests.MyXboxHomePageTest@90f6bfd]" name="startPoint" is-config="true" duration-ms="3042" started-at="2018-01-29T23:09:36Z" finished-at="2018-01-29T23:09:39Z">
          <reporter-output>
          </reporter-output>
        </test-method> <!-- startPoint -->
        <test-method status="PASS" signature="beforeTest()[pri:0, instance:xboxLiveTestFramework_Tests.MyXboxHomePageTest@90f6bfd]" name="beforeTest" is-config="true" duration-ms="1118" started-at="2018-01-29T23:09:39Z" finished-at="2018-01-29T23:09:40Z">
          <reporter-output>
          </reporter-output>
        </test-method> <!-- beforeTest -->
        <test-method status="PASS" signature="pickRandomMixerStream()[pri:0, instance:xboxLiveTestFramework_Tests.MyXboxHomePageTest@90f6bfd]" name="pickRandomMixerStream" duration-ms="515" started-at="2018-01-29T23:09:40Z" finished-at="2018-01-29T23:09:40Z">
          <reporter-output>
          </reporter-output>
        </test-method> <!-- pickRandomMixerStream -->
        <test-method status="PASS" signature="startPoint()[pri:0, instance:xboxLiveTestFramework_Tests.MyXboxHomePageTest@90f6bfd]" name="startPoint" is-config="true" duration-ms="2413" started-at="2018-01-29T23:09:40Z" finished-at="2018-01-29T23:09:43Z">
          <reporter-output>
          </reporter-output>
        </test-method> <!-- startPoint -->
        <test-method status="PASS" signature="beforeTest()[pri:0, instance:xboxLiveTestFramework_Tests.MyXboxHomePageTest@90f6bfd]" name="beforeTest" is-config="true" duration-ms="1063" started-at="2018-01-29T23:09:43Z" finished-at="2018-01-29T23:09:44Z">
          <reporter-output>
          </reporter-output>
        </test-method> <!-- beforeTest -->
        <test-method status="PASS" signature="postALike()[pri:0, instance:xboxLiveTestFramework_Tests.MyXboxHomePageTest@90f6bfd]" name="postALike" duration-ms="15023" started-at="2018-01-29T23:09:44Z" finished-at="2018-01-29T23:09:59Z">
          <reporter-output>
          </reporter-output>
        </test-method> <!-- postALike -->
        <test-method status="PASS" signature="startPoint()[pri:0, instance:xboxLiveTestFramework_Tests.MyXboxHomePageTest@90f6bfd]" name="startPoint" is-config="true" duration-ms="2418" started-at="2018-01-29T23:09:59Z" finished-at="2018-01-29T23:10:01Z">
          <reporter-output>
          </reporter-output>
        </test-method> <!-- startPoint -->
        <test-method status="PASS" signature="beforeTest()[pri:0, instance:xboxLiveTestFramework_Tests.MyXboxHomePageTest@90f6bfd]" name="beforeTest" is-config="true" duration-ms="760" started-at="2018-01-29T23:10:01Z" finished-at="2018-01-29T23:10:02Z">
          <reporter-output>
          </reporter-output>
        </test-method> <!-- beforeTest -->
        <test-method status="PASS" signature="postNewMessage()[pri:0, instance:xboxLiveTestFramework_Tests.MyXboxHomePageTest@90f6bfd]" name="postNewMessage" duration-ms="11428" started-at="2018-01-29T23:10:02Z" finished-at="2018-01-29T23:10:13Z">
          <reporter-output>
          </reporter-output>
        </test-method> <!-- postNewMessage -->
        <test-method status="PASS" signature="startPoint()[pri:0, instance:xboxLiveTestFramework_Tests.MyXboxHomePageTest@90f6bfd]" name="startPoint" is-config="true" duration-ms="3844" started-at="2018-01-29T23:10:13Z" finished-at="2018-01-29T23:10:17Z">
          <reporter-output>
          </reporter-output>
        </test-method> <!-- startPoint -->
        <test-method status="PASS" signature="beforeTest()[pri:0, instance:xboxLiveTestFramework_Tests.MyXboxHomePageTest@90f6bfd]" name="beforeTest" is-config="true" duration-ms="354" started-at="2018-01-29T23:10:17Z" finished-at="2018-01-29T23:10:18Z">
          <reporter-output>
          </reporter-output>
        </test-method> <!-- beforeTest -->
        <test-method status="PASS" signature="removeSuggestions()[pri:0, instance:xboxLiveTestFramework_Tests.MyXboxHomePageTest@90f6bfd]" name="removeSuggestions" duration-ms="12239" started-at="2018-01-29T23:10:18Z" finished-at="2018-01-29T23:10:30Z">
          <reporter-output>
          </reporter-output>
        </test-method> <!-- removeSuggestions -->
        <test-method status="PASS" signature="startPoint()[pri:0, instance:xboxLiveTestFramework_Tests.MyXboxHomePageTest@90f6bfd]" name="startPoint" is-config="true" duration-ms="5125" started-at="2018-01-29T23:10:30Z" finished-at="2018-01-29T23:10:35Z">
          <reporter-output>
          </reporter-output>
        </test-method> <!-- startPoint -->
        <test-method status="PASS" signature="beforeTest()[pri:0, instance:xboxLiveTestFramework_Tests.MyXboxHomePageTest@90f6bfd]" name="beforeTest" is-config="true" duration-ms="32141" started-at="2018-01-29T23:10:35Z" finished-at="2018-01-29T23:11:07Z">
          <reporter-output>
          </reporter-output>
        </test-method> <!-- beforeTest -->
        <test-method status="PASS" signature="seeAllFilter()[pri:0, instance:xboxLiveTestFramework_Tests.MyXboxHomePageTest@90f6bfd]" name="seeAllFilter" duration-ms="52809" started-at="2018-01-29T23:11:07Z" finished-at="2018-01-29T23:12:00Z">
          <reporter-output>
          </reporter-output>
        </test-method> <!-- seeAllFilter -->
        <test-method status="PASS" signature="startPoint()[pri:0, instance:xboxLiveTestFramework_Tests.MyXboxHomePageTest@90f6bfd]" name="startPoint" is-config="true" duration-ms="3383" started-at="2018-01-29T23:12:00Z" finished-at="2018-01-29T23:12:03Z">
          <reporter-output>
          </reporter-output>
        </test-method> <!-- startPoint -->
        <test-method status="PASS" signature="beforeTest()[pri:0, instance:xboxLiveTestFramework_Tests.MyXboxHomePageTest@90f6bfd]" name="beforeTest" is-config="true" duration-ms="664" started-at="2018-01-29T23:12:03Z" finished-at="2018-01-29T23:12:04Z">
          <reporter-output>
          </reporter-output>
        </test-method> <!-- beforeTest -->
        <test-method status="PASS" signature="seeAllMixerStream()[pri:0, instance:xboxLiveTestFramework_Tests.MyXboxHomePageTest@90f6bfd]" name="seeAllMixerStream" duration-ms="9786" started-at="2018-01-29T23:12:04Z" finished-at="2018-01-29T23:12:14Z">
          <reporter-output>
          </reporter-output>
        </test-method> <!-- seeAllMixerStream -->
        <test-method status="PASS" signature="startPoint()[pri:0, instance:xboxLiveTestFramework_Tests.MyXboxHomePageTest@90f6bfd]" name="startPoint" is-config="true" duration-ms="5230" started-at="2018-01-29T23:12:14Z" finished-at="2018-01-29T23:12:19Z">
          <reporter-output>
          </reporter-output>
        </test-method> <!-- startPoint -->
        <test-method status="PASS" signature="beforeTest()[pri:0, instance:xboxLiveTestFramework_Tests.MyXboxHomePageTest@90f6bfd]" name="beforeTest" is-config="true" duration-ms="249" started-at="2018-01-29T23:12:19Z" finished-at="2018-01-29T23:12:19Z">
          <reporter-output>
          </reporter-output>
        </test-method> <!-- beforeTest -->
        <test-method status="PASS" signature="sharePosts()[pri:0, instance:xboxLiveTestFramework_Tests.MyXboxHomePageTest@90f6bfd]" name="sharePosts" duration-ms="45080" started-at="2018-01-29T23:12:19Z" finished-at="2018-01-29T23:13:04Z">
          <reporter-output>
          </reporter-output>
        </test-method> <!-- sharePosts -->
        <test-method status="PASS" signature="startPoint()[pri:0, instance:xboxLiveTestFramework_Tests.MyXboxHomePageTest@90f6bfd]" name="startPoint" is-config="true" duration-ms="5391" started-at="2018-01-29T23:13:04Z" finished-at="2018-01-29T23:13:10Z">
          <reporter-output>
          </reporter-output>
        </test-method> <!-- startPoint -->
        <test-method status="PASS" signature="beforeTest()[pri:0, instance:xboxLiveTestFramework_Tests.MyXboxHomePageTest@90f6bfd]" name="beforeTest" is-config="true" duration-ms="266" started-at="2018-01-29T23:13:10Z" finished-at="2018-01-29T23:13:10Z">
          <reporter-output>
          </reporter-output>
        </test-method> <!-- beforeTest -->
        <test-method status="SKIP" signature="viewAccounts()[pri:0, instance:xboxLiveTestFramework_Tests.MyXboxHomePageTest@90f6bfd]" name="viewAccounts" duration-ms="499" started-at="2018-01-29T23:13:10Z" finished-at="2018-01-29T23:13:10Z">
          <exception class="org.openqa.selenium.ElementNotInteractableException">
            <message>
              <![CDATA[Element <a href="/en-us/Profile?GamerTag=ChrissyBoi87"> could not be scrolled into viewBuild info: version: '3.7.1', revision: '8a0099a', time: '2017-11-06T21:01:39.354Z'System info: host: 'LAPTOP-L1BFDSGL', ip: '10.0.0.26', os.name: 'Windows 10', os.arch: 'amd64', os.version: '10.0', java.version: '1.8.0_161'Driver info: org.openqa.selenium.firefox.FirefoxDriverCapabilities {acceptInsecureCerts: true, browserName: firefox, browserVersion: 58.0.1, javascriptEnabled: true, moz:accessibilityChecks: false, moz:headless: false, moz:processID: 14900, moz:profile: C:\Users\Rigat\AppData\Loca..., moz:webdriverClick: true, pageLoadStrategy: normal, platform: XP, platformName: XP, platformVersion: 10.0, rotatable: false, timeouts: {implicit: 0, pageLoad: 300000, script: 30000}}Session ID: e52936bd-72da-4b95-b87d-6ccf72e059a3]]>
            </message>
            <full-stacktrace>
              <![CDATA[org.openqa.selenium.ElementNotInteractableException: Element <a href="/en-us/Profile?GamerTag=ChrissyBoi87"> could not be scrolled into viewBuild info: version: '3.7.1', revision: '8a0099a', time: '2017-11-06T21:01:39.354Z'System info: host: 'LAPTOP-L1BFDSGL', ip: '10.0.0.26', os.name: 'Windows 10', os.arch: 'amd64', os.version: '10.0', java.version: '1.8.0_161'Driver info: org.openqa.selenium.firefox.FirefoxDriverCapabilities {acceptInsecureCerts: true, browserName: firefox, browserVersion: 58.0.1, javascriptEnabled: true, moz:accessibilityChecks: false, moz:headless: false, moz:processID: 14900, moz:profile: C:\Users\Rigat\AppData\Loca..., moz:webdriverClick: true, pageLoadStrategy: normal, platform: XP, platformName: XP, platformVersion: 10.0, rotatable: false, timeouts: {implicit: 0, pageLoad: 300000, script: 30000}}Session ID: e52936bd-72da-4b95-b87d-6ccf72e059a3at sun.reflect.NativeConstructorAccessorImpl.newInstance0(Native Method)at sun.reflect.NativeConstructorAccessorImpl.newInstance(Unknown Source)at sun.reflect.DelegatingConstructorAccessorImpl.newInstance(Unknown Source)at java.lang.reflect.Constructor.newInstance(Unknown Source)at org.openqa.selenium.remote.http.W3CHttpResponseCodec.createException(W3CHttpResponseCodec.java:187)at org.openqa.selenium.remote.http.W3CHttpResponseCodec.decode(W3CHttpResponseCodec.java:122)at org.openqa.selenium.remote.http.W3CHttpResponseCodec.decode(W3CHttpResponseCodec.java:49)at org.openqa.selenium.remote.HttpCommandExecutor.execute(HttpCommandExecutor.java:164)at org.openqa.selenium.remote.service.DriverCommandExecutor.execute(DriverCommandExecutor.java:83)at org.openqa.selenium.remote.RemoteWebDriver.execute(RemoteWebDriver.java:600)at org.openqa.selenium.remote.RemoteWebElement.execute(RemoteWebElement.java:279)at org.openqa.selenium.remote.RemoteWebElement.click(RemoteWebElement.java:83)at xboxLivePageObjects_Lib.FriendsandClubsComponent.viewAccount(FriendsandClubsComponent.java:175)at xboxLiveTestFramework_Tests.MyXboxHomePageTest.viewAccounts(MyXboxHomePageTest.java:219)at sun.reflect.NativeMethodAccessorImpl.invoke0(Native Method)at sun.reflect.NativeMethodAccessorImpl.invoke(Unknown Source)at sun.reflect.DelegatingMethodAccessorImpl.invoke(Unknown Source)at java.lang.reflect.Method.invoke(Unknown Source)at org.testng.internal.MethodInvocationHelper.invokeMethod(MethodInvocationHelper.java:124)at org.testng.internal.Invoker.invokeMethod(Invoker.java:571)at org.testng.internal.Invoker.invokeTestMethod(Invoker.java:707)at org.testng.internal.Invoker.invokeTestMethods(Invoker.java:979)at org.testng.internal.TestMethodWorker.invokeTestMethods(TestMethodWorker.java:125)at org.testng.internal.TestMethodWorker.run(TestMethodWorker.java:109)at org.testng.TestRunner.privateRun(TestRunner.java:648)at org.testng.TestRunner.run(TestRunner.java:505)at org.testng.SuiteRunner.runTest(SuiteRunner.java:455)at org.testng.SuiteRunner.runSequentially(SuiteRunner.java:450)at org.testng.SuiteRunner.privateRun(SuiteRunner.java:415)at org.testng.SuiteRunner.run(SuiteRunner.java:364)at org.testng.SuiteRunnerWorker.runSuite(SuiteRunnerWorker.java:52)at org.testng.SuiteRunnerWorker.run(SuiteRunnerWorker.java:84)at org.testng.TestNG.runSuitesSequentially(TestNG.java:1187)at org.testng.TestNG.runSuitesLocally(TestNG.java:1116)at org.testng.TestNG.runSuites(TestNG.java:1028)at org.testng.TestNG.run(TestNG.java:996)at org.apache.maven.surefire.testng.TestNGExecutor.run(TestNGExecutor.java:283)at org.apache.maven.surefire.testng.TestNGXmlTestSuite.execute(TestNGXmlTestSuite.java:75)at org.apache.maven.surefire.testng.TestNGProvider.invoke(TestNGProvider.java:120)at org.apache.maven.surefire.booter.ForkedBooter.invokeProviderInSameClassLoader(ForkedBooter.java:373)at org.apache.maven.surefire.booter.ForkedBooter.runSuitesInProcess(ForkedBooter.java:334)at org.apache.maven.surefire.booter.ForkedBooter.execute(ForkedBooter.java:119)at org.apache.maven.surefire.booter.ForkedBooter.main(ForkedBooter.java:407)]]>
            </full-stacktrace>
          </exception> <!-- org.openqa.selenium.ElementNotInteractableException -->
          <reporter-output>
          </reporter-output>
        </test-method> <!-- viewAccounts -->
        <test-method status="PASS" signature="startPoint()[pri:0, instance:xboxLiveTestFramework_Tests.MyXboxHomePageTest@90f6bfd]" name="startPoint" is-config="true" duration-ms="3028" started-at="2018-01-29T23:13:10Z" finished-at="2018-01-29T23:13:14Z">
          <reporter-output>
          </reporter-output>
        </test-method> <!-- startPoint -->
        <test-method status="PASS" signature="beforeTest()[pri:0, instance:xboxLiveTestFramework_Tests.MyXboxHomePageTest@90f6bfd]" name="beforeTest" is-config="true" duration-ms="297" started-at="2018-01-29T23:13:14Z" finished-at="2018-01-29T23:13:14Z">
          <reporter-output>
          </reporter-output>
        </test-method> <!-- beforeTest -->
        <test-method status="FAIL" signature="viewAccounts()[pri:0, instance:xboxLiveTestFramework_Tests.MyXboxHomePageTest@90f6bfd]" name="viewAccounts" duration-ms="565" started-at="2018-01-29T23:13:14Z" finished-at="2018-01-29T23:13:14Z">
          <exception class="org.openqa.selenium.ElementNotInteractableException">
            <message>
              <![CDATA[Element <a href="/en-us/Profile?GamerTag=KiwiCrashDummy"> could not be scrolled into viewBuild info: version: '3.7.1', revision: '8a0099a', time: '2017-11-06T21:01:39.354Z'System info: host: 'LAPTOP-L1BFDSGL', ip: '10.0.0.26', os.name: 'Windows 10', os.arch: 'amd64', os.version: '10.0', java.version: '1.8.0_161'Driver info: org.openqa.selenium.firefox.FirefoxDriverCapabilities {acceptInsecureCerts: true, browserName: firefox, browserVersion: 58.0.1, javascriptEnabled: true, moz:accessibilityChecks: false, moz:headless: false, moz:processID: 14900, moz:profile: C:\Users\Rigat\AppData\Loca..., moz:webdriverClick: true, pageLoadStrategy: normal, platform: XP, platformName: XP, platformVersion: 10.0, rotatable: false, timeouts: {implicit: 0, pageLoad: 300000, script: 30000}}Session ID: e52936bd-72da-4b95-b87d-6ccf72e059a3]]>
            </message>
            <full-stacktrace>
              <![CDATA[org.openqa.selenium.ElementNotInteractableException: Element <a href="/en-us/Profile?GamerTag=KiwiCrashDummy"> could not be scrolled into viewBuild info: version: '3.7.1', revision: '8a0099a', time: '2017-11-06T21:01:39.354Z'System info: host: 'LAPTOP-L1BFDSGL', ip: '10.0.0.26', os.name: 'Windows 10', os.arch: 'amd64', os.version: '10.0', java.version: '1.8.0_161'Driver info: org.openqa.selenium.firefox.FirefoxDriverCapabilities {acceptInsecureCerts: true, browserName: firefox, browserVersion: 58.0.1, javascriptEnabled: true, moz:accessibilityChecks: false, moz:headless: false, moz:processID: 14900, moz:profile: C:\Users\Rigat\AppData\Loca..., moz:webdriverClick: true, pageLoadStrategy: normal, platform: XP, platformName: XP, platformVersion: 10.0, rotatable: false, timeouts: {implicit: 0, pageLoad: 300000, script: 30000}}Session ID: e52936bd-72da-4b95-b87d-6ccf72e059a3at sun.reflect.NativeConstructorAccessorImpl.newInstance0(Native Method)at sun.reflect.NativeConstructorAccessorImpl.newInstance(Unknown Source)at sun.reflect.DelegatingConstructorAccessorImpl.newInstance(Unknown Source)at java.lang.reflect.Constructor.newInstance(Unknown Source)at org.openqa.selenium.remote.http.W3CHttpResponseCodec.createException(W3CHttpResponseCodec.java:187)at org.openqa.selenium.remote.http.W3CHttpResponseCodec.decode(W3CHttpResponseCodec.java:122)at org.openqa.selenium.remote.http.W3CHttpResponseCodec.decode(W3CHttpResponseCodec.java:49)at org.openqa.selenium.remote.HttpCommandExecutor.execute(HttpCommandExecutor.java:164)at org.openqa.selenium.remote.service.DriverCommandExecutor.execute(DriverCommandExecutor.java:83)at org.openqa.selenium.remote.RemoteWebDriver.execute(RemoteWebDriver.java:600)at org.openqa.selenium.remote.RemoteWebElement.execute(RemoteWebElement.java:279)at org.openqa.selenium.remote.RemoteWebElement.click(RemoteWebElement.java:83)at xboxLivePageObjects_Lib.FriendsandClubsComponent.viewAccount(FriendsandClubsComponent.java:175)at xboxLiveTestFramework_Tests.MyXboxHomePageTest.viewAccounts(MyXboxHomePageTest.java:219)at sun.reflect.NativeMethodAccessorImpl.invoke0(Native Method)at sun.reflect.NativeMethodAccessorImpl.invoke(Unknown Source)at sun.reflect.DelegatingMethodAccessorImpl.invoke(Unknown Source)at java.lang.reflect.Method.invoke(Unknown Source)at org.testng.internal.MethodInvocationHelper.invokeMethod(MethodInvocationHelper.java:124)at org.testng.internal.Invoker.invokeMethod(Invoker.java:571)at org.testng.internal.Invoker.retryFailed(Invoker.java:829)at org.testng.internal.Invoker.invokeTestMethods(Invoker.java:1000)at org.testng.internal.TestMethodWorker.invokeTestMethods(TestMethodWorker.java:125)at org.testng.internal.TestMethodWorker.run(TestMethodWorker.java:109)at org.testng.TestRunner.privateRun(TestRunner.java:648)at org.testng.TestRunner.run(TestRunner.java:505)at org.testng.SuiteRunner.runTest(SuiteRunner.java:455)at org.testng.SuiteRunner.runSequentially(SuiteRunner.java:450)at org.testng.SuiteRunner.privateRun(SuiteRunner.java:415)at org.testng.SuiteRunner.run(SuiteRunner.java:364)at org.testng.SuiteRunnerWorker.runSuite(SuiteRunnerWorker.java:52)at org.testng.SuiteRunnerWorker.run(SuiteRunnerWorker.java:84)at org.testng.TestNG.runSuitesSequentially(TestNG.java:1187)at org.testng.TestNG.runSuitesLocally(TestNG.java:1116)at org.testng.TestNG.runSuites(TestNG.java:1028)at org.testng.TestNG.run(TestNG.java:996)at org.apache.maven.surefire.testng.TestNGExecutor.run(TestNGExecutor.java:283)at org.apache.maven.surefire.testng.TestNGXmlTestSuite.execute(TestNGXmlTestSuite.java:75)at org.apache.maven.surefire.testng.TestNGProvider.invoke(TestNGProvider.java:120)at org.apache.maven.surefire.booter.ForkedBooter.invokeProviderInSameClassLoader(ForkedBooter.java:373)at org.apache.maven.surefire.booter.ForkedBooter.runSuitesInProcess(ForkedBooter.java:334)at org.apache.maven.surefire.booter.ForkedBooter.execute(ForkedBooter.java:119)at org.apache.maven.surefire.booter.ForkedBooter.main(ForkedBooter.java:407)]]>
            </full-stacktrace>
          </exception> <!-- org.openqa.selenium.ElementNotInteractableException -->
          <reporter-output>
          </reporter-output>
        </test-method> <!-- viewAccounts -->
        <test-method status="PASS" signature="startPoint()[pri:0, instance:xboxLiveTestFramework_Tests.MyXboxHomePageTest@90f6bfd]" name="startPoint" is-config="true" duration-ms="4860" started-at="2018-01-29T23:13:14Z" finished-at="2018-01-29T23:13:19Z">
          <reporter-output>
          </reporter-output>
        </test-method> <!-- startPoint -->
        <test-method status="PASS" signature="cleanUp()[pri:0, instance:xboxLiveTestFramework_Tests.MyXboxHomePageTest@90f6bfd]" name="cleanUp" is-config="true" duration-ms="16" started-at="2018-01-29T23:13:19Z" finished-at="2018-01-29T23:13:19Z">
          <reporter-output>
          </reporter-output>
        </test-method> <!-- cleanUp -->
        <test-method status="PASS" signature="tearDown()[pri:0, instance:xboxLiveTestFramework_Tests.MyXboxHomePageTest@90f6bfd]" name="tearDown" is-config="true" duration-ms="41682" started-at="2018-01-29T23:13:19Z" finished-at="2018-01-29T23:14:01Z">
          <reporter-output>
          </reporter-output>
        </test-method> <!-- tearDown -->
      </class> <!-- xboxLiveTestFramework_Tests.MyXboxHomePageTest -->
    </test> <!-- Tests -->
  </suite> <!-- All-Tests -->
</testng-results>
