<?xml version="1.0" encoding="UTF-8"?>
<testng-results skipped="0" failed="3" ignored="23" total="29" passed="3">
  <reporter-output>
  </reporter-output>
  <suite name="All-Tests" duration-ms="300926" started-at="2018-01-19T22:26:09Z" finished-at="2018-01-19T22:31:10Z">
    <groups>
      <group name="search">
        <method signature="FriendsAndClubsSideBarTest.findByText()[pri:0, instance:xboxLiveTestFramework_Tests.FriendsAndClubsSideBarTest@4cb2c100]" name="findByText" class="xboxLiveTestFramework_Tests.FriendsAndClubsSideBarTest"/>
      </group> <!-- search -->
      <group name="view">
        <method signature="FriendsAndClubsSideBarTest.viewAccounts()[pri:0, instance:xboxLiveTestFramework_Tests.FriendsAndClubsSideBarTest@4cb2c100]" name="viewAccounts" class="xboxLiveTestFramework_Tests.FriendsAndClubsSideBarTest"/>
      </group> <!-- view -->
      <group name="facebook">
        <method signature="FriendsAndClubsSideBarTest.navigatingToFaceBook()[pri:0, instance:xboxLiveTestFramework_Tests.FriendsAndClubsSideBarTest@4cb2c100]" name="navigatingToFaceBook" class="xboxLiveTestFramework_Tests.FriendsAndClubsSideBarTest"/>
      </group> <!-- facebook -->
      <group name="friendsandclubs">
        <method signature="FriendsAndClubsSideBarTest.findByText()[pri:0, instance:xboxLiveTestFramework_Tests.FriendsAndClubsSideBarTest@4cb2c100]" name="findByText" class="xboxLiveTestFramework_Tests.FriendsAndClubsSideBarTest"/>
        <method signature="FriendsAndClubsSideBarTest.generalFilters()[pri:0, instance:xboxLiveTestFramework_Tests.FriendsAndClubsSideBarTest@4cb2c100]" name="generalFilters" class="xboxLiveTestFramework_Tests.FriendsAndClubsSideBarTest"/>
        <method signature="FriendsAndClubsSideBarTest.navigatingToFaceBook()[pri:0, instance:xboxLiveTestFramework_Tests.FriendsAndClubsSideBarTest@4cb2c100]" name="navigatingToFaceBook" class="xboxLiveTestFramework_Tests.FriendsAndClubsSideBarTest"/>
        <method signature="FriendsAndClubsSideBarTest.removeSuggestions()[pri:0, instance:xboxLiveTestFramework_Tests.FriendsAndClubsSideBarTest@4cb2c100]" name="removeSuggestions" class="xboxLiveTestFramework_Tests.FriendsAndClubsSideBarTest"/>
        <method signature="FriendsAndClubsSideBarTest.seeAllFilter()[pri:0, instance:xboxLiveTestFramework_Tests.FriendsAndClubsSideBarTest@4cb2c100]" name="seeAllFilter" class="xboxLiveTestFramework_Tests.FriendsAndClubsSideBarTest"/>
        <method signature="FriendsAndClubsSideBarTest.viewAccounts()[pri:0, instance:xboxLiveTestFramework_Tests.FriendsAndClubsSideBarTest@4cb2c100]" name="viewAccounts" class="xboxLiveTestFramework_Tests.FriendsAndClubsSideBarTest"/>
      </group> <!-- friendsandclubs -->
      <group name="filters">
        <method signature="FriendsAndClubsSideBarTest.generalFilters()[pri:0, instance:xboxLiveTestFramework_Tests.FriendsAndClubsSideBarTest@4cb2c100]" name="generalFilters" class="xboxLiveTestFramework_Tests.FriendsAndClubsSideBarTest"/>
        <method signature="FriendsAndClubsSideBarTest.seeAllFilter()[pri:0, instance:xboxLiveTestFramework_Tests.FriendsAndClubsSideBarTest@4cb2c100]" name="seeAllFilter" class="xboxLiveTestFramework_Tests.FriendsAndClubsSideBarTest"/>
      </group> <!-- filters -->
      <group name="remove">
        <method signature="FriendsAndClubsSideBarTest.removeSuggestions()[pri:0, instance:xboxLiveTestFramework_Tests.FriendsAndClubsSideBarTest@4cb2c100]" name="removeSuggestions" class="xboxLiveTestFramework_Tests.FriendsAndClubsSideBarTest"/>
      </group> <!-- remove -->
    </groups>
    <test name="Tests" duration-ms="300926" started-at="2018-01-19T22:26:09Z" finished-at="2018-01-19T22:31:10Z">
      <class name="xboxLiveTestFramework_Tests.BaseTest">
        <test-method status="PASS" signature="beforeTest()[pri:0, instance:xboxLiveTestFramework_Tests.BaseTest@3f2a3a5]" name="beforeTest" is-config="true" duration-ms="13" started-at="2018-01-19T14:26:09Z" finished-at="2018-01-19T14:26:09Z">
          <reporter-output>
          </reporter-output>
        </test-method> <!-- beforeTest -->
      </class> <!-- xboxLiveTestFramework_Tests.BaseTest -->
      <class name="xboxLiveTestFramework_Tests.FriendsAndClubsSideBarTest">
        <test-method status="PASS" signature="setUp()[pri:0, instance:xboxLiveTestFramework_Tests.FriendsAndClubsSideBarTest@4cb2c100]" name="setUp" is-config="true" duration-ms="3997" started-at="2018-01-19T14:26:09Z" finished-at="2018-01-19T14:26:13Z">
          <reporter-output>
          </reporter-output>
        </test-method> <!-- setUp -->
        <test-method status="PASS" signature="setUpAccount()[pri:0, instance:xboxLiveTestFramework_Tests.FriendsAndClubsSideBarTest@4cb2c100]" name="setUpAccount" is-config="true" duration-ms="37449" started-at="2018-01-19T14:26:13Z" finished-at="2018-01-19T14:26:50Z">
          <reporter-output>
          </reporter-output>
        </test-method> <!-- setUpAccount -->
        <test-method status="FAIL" signature="findByText()[pri:0, instance:xboxLiveTestFramework_Tests.FriendsAndClubsSideBarTest@4cb2c100]" name="findByText" duration-ms="18387" started-at="2018-01-19T14:26:50Z" finished-at="2018-01-19T14:27:09Z">
          <exception class="org.openqa.selenium.NoSuchElementException">
            <message>
              <![CDATA[no such element: Unable to locate element: {"method":"id","selector":"friendsseeallactionlink"}  (Session info: chrome=63.0.3239.132)  (Driver info: chromedriver=2.34.522940 (1a76f96f66e3ca7b8e57d503b4dd3bccfba87af1),platform=Windows NT 10.0.16299 x86_64) (WARNING: The server did not provide any stacktrace information)Command duration or timeout: 0 millisecondsFor documentation on this error, please visit: http://seleniumhq.org/exceptions/no_such_element.htmlBuild info: version: '3.7.1', revision: '8a0099a', time: '2017-11-06T21:01:39.354Z'System info: host: 'LAPTOP-L1BFDSGL', ip: '10.0.0.31', os.name: 'Windows 10', os.arch: 'amd64', os.version: '10.0', java.version: '1.8.0_161'Driver info: org.openqa.selenium.chrome.ChromeDriverCapabilities {acceptSslCerts: true, applicationCacheEnabled: false, browserConnectionEnabled: false, browserName: chrome, chrome: {chromedriverVersion: 2.34.522940 (1a76f96f66e3ca..., userDataDir: C:\Users\Rigat\AppData\Loca...}, cssSelectorsEnabled: true, databaseEnabled: false, handlesAlerts: true, hasTouchScreen: false, javascriptEnabled: true, locationContextEnabled: true, mobileEmulationEnabled: false, nativeEvents: true, networkConnectionEnabled: false, pageLoadStrategy: normal, platform: XP, platformName: XP, rotatable: false, setWindowRect: true, takesHeapSnapshot: true, takesScreenshot: true, unexpectedAlertBehaviour: , unhandledPromptBehavior: , version: 63.0.3239.132, webStorageEnabled: true}Session ID: 17650659470e02adf07d053f9ce26bd0*** Element info: {Using=id, value=friendsseeallactionlink}]]>
            </message>
            <full-stacktrace>
              <![CDATA[org.openqa.selenium.NoSuchElementException: no such element: Unable to locate element: {"method":"id","selector":"friendsseeallactionlink"}  (Session info: chrome=63.0.3239.132)  (Driver info: chromedriver=2.34.522940 (1a76f96f66e3ca7b8e57d503b4dd3bccfba87af1),platform=Windows NT 10.0.16299 x86_64) (WARNING: The server did not provide any stacktrace information)Command duration or timeout: 0 millisecondsFor documentation on this error, please visit: http://seleniumhq.org/exceptions/no_such_element.htmlBuild info: version: '3.7.1', revision: '8a0099a', time: '2017-11-06T21:01:39.354Z'System info: host: 'LAPTOP-L1BFDSGL', ip: '10.0.0.31', os.name: 'Windows 10', os.arch: 'amd64', os.version: '10.0', java.version: '1.8.0_161'Driver info: org.openqa.selenium.chrome.ChromeDriverCapabilities {acceptSslCerts: true, applicationCacheEnabled: false, browserConnectionEnabled: false, browserName: chrome, chrome: {chromedriverVersion: 2.34.522940 (1a76f96f66e3ca..., userDataDir: C:\Users\Rigat\AppData\Loca...}, cssSelectorsEnabled: true, databaseEnabled: false, handlesAlerts: true, hasTouchScreen: false, javascriptEnabled: true, locationContextEnabled: true, mobileEmulationEnabled: false, nativeEvents: true, networkConnectionEnabled: false, pageLoadStrategy: normal, platform: XP, platformName: XP, rotatable: false, setWindowRect: true, takesHeapSnapshot: true, takesScreenshot: true, unexpectedAlertBehaviour: , unhandledPromptBehavior: , version: 63.0.3239.132, webStorageEnabled: true}Session ID: 17650659470e02adf07d053f9ce26bd0*** Element info: {Using=id, value=friendsseeallactionlink}at sun.reflect.NativeConstructorAccessorImpl.newInstance0(Native Method)at sun.reflect.NativeConstructorAccessorImpl.newInstance(Unknown Source)at sun.reflect.DelegatingConstructorAccessorImpl.newInstance(Unknown Source)at java.lang.reflect.Constructor.newInstance(Unknown Source)at org.openqa.selenium.remote.ErrorHandler.createThrowable(ErrorHandler.java:214)at org.openqa.selenium.remote.ErrorHandler.throwIfResponseFailed(ErrorHandler.java:166)at org.openqa.selenium.remote.http.JsonHttpResponseCodec.reconstructValue(JsonHttpResponseCodec.java:40)at org.openqa.selenium.remote.http.AbstractHttpResponseCodec.decode(AbstractHttpResponseCodec.java:80)at org.openqa.selenium.remote.http.AbstractHttpResponseCodec.decode(AbstractHttpResponseCodec.java:44)at org.openqa.selenium.remote.HttpCommandExecutor.execute(HttpCommandExecutor.java:164)at org.openqa.selenium.remote.service.DriverCommandExecutor.execute(DriverCommandExecutor.java:83)at org.openqa.selenium.remote.RemoteWebDriver.execute(RemoteWebDriver.java:600)at org.openqa.selenium.remote.RemoteWebDriver.findElement(RemoteWebDriver.java:370)at org.openqa.selenium.remote.RemoteWebDriver.findElementById(RemoteWebDriver.java:416)at org.openqa.selenium.By$ById.findElement(By.java:218)at org.openqa.selenium.remote.RemoteWebDriver.findElement(RemoteWebDriver.java:362)at xboxLivePageObjects_Lib.Driver.findElement(Driver.java:38)at org.openqa.selenium.support.pagefactory.DefaultElementLocator.findElement(DefaultElementLocator.java:69)at org.openqa.selenium.support.pagefactory.internal.LocatingElementHandler.invoke(LocatingElementHandler.java:38)at com.sun.proxy.$Proxy9.isDisplayed(Unknown Source)at xboxLiveTestFramework_Tests.FriendsAndClubsSideBarTest.findByText(FriendsAndClubsSideBarTest.java:85)at sun.reflect.NativeMethodAccessorImpl.invoke0(Native Method)at sun.reflect.NativeMethodAccessorImpl.invoke(Unknown Source)at sun.reflect.DelegatingMethodAccessorImpl.invoke(Unknown Source)at java.lang.reflect.Method.invoke(Unknown Source)at org.testng.internal.MethodInvocationHelper.invokeMethod(MethodInvocationHelper.java:124)at org.testng.internal.Invoker.invokeMethod(Invoker.java:571)at org.testng.internal.Invoker.invokeTestMethod(Invoker.java:707)at org.testng.internal.Invoker.invokeTestMethods(Invoker.java:979)at org.testng.internal.TestMethodWorker.invokeTestMethods(TestMethodWorker.java:125)at org.testng.internal.TestMethodWorker.run(TestMethodWorker.java:109)at org.testng.TestRunner.privateRun(TestRunner.java:648)at org.testng.TestRunner.run(TestRunner.java:505)at org.testng.SuiteRunner.runTest(SuiteRunner.java:455)at org.testng.SuiteRunner.runSequentially(SuiteRunner.java:450)at org.testng.SuiteRunner.privateRun(SuiteRunner.java:415)at org.testng.SuiteRunner.run(SuiteRunner.java:364)at org.testng.SuiteRunnerWorker.runSuite(SuiteRunnerWorker.java:52)at org.testng.SuiteRunnerWorker.run(SuiteRunnerWorker.java:84)at org.testng.TestNG.runSuitesSequentially(TestNG.java:1187)at org.testng.TestNG.runSuitesLocally(TestNG.java:1116)at org.testng.TestNG.runSuites(TestNG.java:1028)at org.testng.TestNG.run(TestNG.java:996)at org.apache.maven.surefire.testng.TestNGExecutor.run(TestNGExecutor.java:283)at org.apache.maven.surefire.testng.TestNGXmlTestSuite.execute(TestNGXmlTestSuite.java:75)at org.apache.maven.surefire.testng.TestNGProvider.invoke(TestNGProvider.java:120)at org.apache.maven.surefire.booter.ForkedBooter.invokeProviderInSameClassLoader(ForkedBooter.java:373)at org.apache.maven.surefire.booter.ForkedBooter.runSuitesInProcess(ForkedBooter.java:334)at org.apache.maven.surefire.booter.ForkedBooter.execute(ForkedBooter.java:119)at org.apache.maven.surefire.booter.ForkedBooter.main(ForkedBooter.java:407)]]>
            </full-stacktrace>
          </exception> <!-- org.openqa.selenium.NoSuchElementException -->
          <reporter-output>
          </reporter-output>
        </test-method> <!-- findByText -->
        <test-method status="PASS" signature="startPoint()[pri:0, instance:xboxLiveTestFramework_Tests.FriendsAndClubsSideBarTest@4cb2c100]" name="startPoint" is-config="true" duration-ms="7166" started-at="2018-01-19T14:27:09Z" finished-at="2018-01-19T14:27:16Z">
          <reporter-output>
          </reporter-output>
        </test-method> <!-- startPoint -->
        <test-method status="FAIL" signature="generalFilters()[pri:0, instance:xboxLiveTestFramework_Tests.FriendsAndClubsSideBarTest@4cb2c100]" name="generalFilters" duration-ms="82310" started-at="2018-01-19T14:27:16Z" finished-at="2018-01-19T14:28:38Z">
          <exception class="org.openqa.selenium.NoSuchElementException">
            <message>
              <![CDATA[no such element: Unable to locate element: {"method":"id","selector":"friendsseeallactionlink"}  (Session info: chrome=63.0.3239.132)  (Driver info: chromedriver=2.34.522940 (1a76f96f66e3ca7b8e57d503b4dd3bccfba87af1),platform=Windows NT 10.0.16299 x86_64) (WARNING: The server did not provide any stacktrace information)Command duration or timeout: 0 millisecondsFor documentation on this error, please visit: http://seleniumhq.org/exceptions/no_such_element.htmlBuild info: version: '3.7.1', revision: '8a0099a', time: '2017-11-06T21:01:39.354Z'System info: host: 'LAPTOP-L1BFDSGL', ip: '10.0.0.31', os.name: 'Windows 10', os.arch: 'amd64', os.version: '10.0', java.version: '1.8.0_161'Driver info: org.openqa.selenium.chrome.ChromeDriverCapabilities {acceptSslCerts: true, applicationCacheEnabled: false, browserConnectionEnabled: false, browserName: chrome, chrome: {chromedriverVersion: 2.34.522940 (1a76f96f66e3ca..., userDataDir: C:\Users\Rigat\AppData\Loca...}, cssSelectorsEnabled: true, databaseEnabled: false, handlesAlerts: true, hasTouchScreen: false, javascriptEnabled: true, locationContextEnabled: true, mobileEmulationEnabled: false, nativeEvents: true, networkConnectionEnabled: false, pageLoadStrategy: normal, platform: XP, platformName: XP, rotatable: false, setWindowRect: true, takesHeapSnapshot: true, takesScreenshot: true, unexpectedAlertBehaviour: , unhandledPromptBehavior: , version: 63.0.3239.132, webStorageEnabled: true}Session ID: 17650659470e02adf07d053f9ce26bd0*** Element info: {Using=id, value=friendsseeallactionlink}]]>
            </message>
            <full-stacktrace>
              <![CDATA[org.openqa.selenium.NoSuchElementException: no such element: Unable to locate element: {"method":"id","selector":"friendsseeallactionlink"}  (Session info: chrome=63.0.3239.132)  (Driver info: chromedriver=2.34.522940 (1a76f96f66e3ca7b8e57d503b4dd3bccfba87af1),platform=Windows NT 10.0.16299 x86_64) (WARNING: The server did not provide any stacktrace information)Command duration or timeout: 0 millisecondsFor documentation on this error, please visit: http://seleniumhq.org/exceptions/no_such_element.htmlBuild info: version: '3.7.1', revision: '8a0099a', time: '2017-11-06T21:01:39.354Z'System info: host: 'LAPTOP-L1BFDSGL', ip: '10.0.0.31', os.name: 'Windows 10', os.arch: 'amd64', os.version: '10.0', java.version: '1.8.0_161'Driver info: org.openqa.selenium.chrome.ChromeDriverCapabilities {acceptSslCerts: true, applicationCacheEnabled: false, browserConnectionEnabled: false, browserName: chrome, chrome: {chromedriverVersion: 2.34.522940 (1a76f96f66e3ca..., userDataDir: C:\Users\Rigat\AppData\Loca...}, cssSelectorsEnabled: true, databaseEnabled: false, handlesAlerts: true, hasTouchScreen: false, javascriptEnabled: true, locationContextEnabled: true, mobileEmulationEnabled: false, nativeEvents: true, networkConnectionEnabled: false, pageLoadStrategy: normal, platform: XP, platformName: XP, rotatable: false, setWindowRect: true, takesHeapSnapshot: true, takesScreenshot: true, unexpectedAlertBehaviour: , unhandledPromptBehavior: , version: 63.0.3239.132, webStorageEnabled: true}Session ID: 17650659470e02adf07d053f9ce26bd0*** Element info: {Using=id, value=friendsseeallactionlink}at sun.reflect.NativeConstructorAccessorImpl.newInstance0(Native Method)at sun.reflect.NativeConstructorAccessorImpl.newInstance(Unknown Source)at sun.reflect.DelegatingConstructorAccessorImpl.newInstance(Unknown Source)at java.lang.reflect.Constructor.newInstance(Unknown Source)at org.openqa.selenium.remote.ErrorHandler.createThrowable(ErrorHandler.java:214)at org.openqa.selenium.remote.ErrorHandler.throwIfResponseFailed(ErrorHandler.java:166)at org.openqa.selenium.remote.http.JsonHttpResponseCodec.reconstructValue(JsonHttpResponseCodec.java:40)at org.openqa.selenium.remote.http.AbstractHttpResponseCodec.decode(AbstractHttpResponseCodec.java:80)at org.openqa.selenium.remote.http.AbstractHttpResponseCodec.decode(AbstractHttpResponseCodec.java:44)at org.openqa.selenium.remote.HttpCommandExecutor.execute(HttpCommandExecutor.java:164)at org.openqa.selenium.remote.service.DriverCommandExecutor.execute(DriverCommandExecutor.java:83)at org.openqa.selenium.remote.RemoteWebDriver.execute(RemoteWebDriver.java:600)at org.openqa.selenium.remote.RemoteWebDriver.findElement(RemoteWebDriver.java:370)at org.openqa.selenium.remote.RemoteWebDriver.findElementById(RemoteWebDriver.java:416)at org.openqa.selenium.By$ById.findElement(By.java:218)at org.openqa.selenium.remote.RemoteWebDriver.findElement(RemoteWebDriver.java:362)at xboxLivePageObjects_Lib.Driver.findElement(Driver.java:38)at org.openqa.selenium.support.pagefactory.DefaultElementLocator.findElement(DefaultElementLocator.java:69)at org.openqa.selenium.support.pagefactory.internal.LocatingElementHandler.invoke(LocatingElementHandler.java:38)at com.sun.proxy.$Proxy9.isDisplayed(Unknown Source)at xboxLiveTestFramework_Tests.FriendsAndClubsSideBarTest.generalFilters(FriendsAndClubsSideBarTest.java:161)at sun.reflect.NativeMethodAccessorImpl.invoke0(Native Method)at sun.reflect.NativeMethodAccessorImpl.invoke(Unknown Source)at sun.reflect.DelegatingMethodAccessorImpl.invoke(Unknown Source)at java.lang.reflect.Method.invoke(Unknown Source)at org.testng.internal.MethodInvocationHelper.invokeMethod(MethodInvocationHelper.java:124)at org.testng.internal.Invoker.invokeMethod(Invoker.java:571)at org.testng.internal.Invoker.invokeTestMethod(Invoker.java:707)at org.testng.internal.Invoker.invokeTestMethods(Invoker.java:979)at org.testng.internal.TestMethodWorker.invokeTestMethods(TestMethodWorker.java:125)at org.testng.internal.TestMethodWorker.run(TestMethodWorker.java:109)at org.testng.TestRunner.privateRun(TestRunner.java:648)at org.testng.TestRunner.run(TestRunner.java:505)at org.testng.SuiteRunner.runTest(SuiteRunner.java:455)at org.testng.SuiteRunner.runSequentially(SuiteRunner.java:450)at org.testng.SuiteRunner.privateRun(SuiteRunner.java:415)at org.testng.SuiteRunner.run(SuiteRunner.java:364)at org.testng.SuiteRunnerWorker.runSuite(SuiteRunnerWorker.java:52)at org.testng.SuiteRunnerWorker.run(SuiteRunnerWorker.java:84)at org.testng.TestNG.runSuitesSequentially(TestNG.java:1187)at org.testng.TestNG.runSuitesLocally(TestNG.java:1116)at org.testng.TestNG.runSuites(TestNG.java:1028)at org.testng.TestNG.run(TestNG.java:996)at org.apache.maven.surefire.testng.TestNGExecutor.run(TestNGExecutor.java:283)at org.apache.maven.surefire.testng.TestNGXmlTestSuite.execute(TestNGXmlTestSuite.java:75)at org.apache.maven.surefire.testng.TestNGProvider.invoke(TestNGProvider.java:120)at org.apache.maven.surefire.booter.ForkedBooter.invokeProviderInSameClassLoader(ForkedBooter.java:373)at org.apache.maven.surefire.booter.ForkedBooter.runSuitesInProcess(ForkedBooter.java:334)at org.apache.maven.surefire.booter.ForkedBooter.execute(ForkedBooter.java:119)at org.apache.maven.surefire.booter.ForkedBooter.main(ForkedBooter.java:407)]]>
            </full-stacktrace>
          </exception> <!-- org.openqa.selenium.NoSuchElementException -->
          <reporter-output>
          </reporter-output>
        </test-method> <!-- generalFilters -->
        <test-method status="PASS" signature="startPoint()[pri:0, instance:xboxLiveTestFramework_Tests.FriendsAndClubsSideBarTest@4cb2c100]" name="startPoint" is-config="true" duration-ms="7284" started-at="2018-01-19T14:28:38Z" finished-at="2018-01-19T14:28:46Z">
          <reporter-output>
          </reporter-output>
        </test-method> <!-- startPoint -->
        <test-method status="PASS" signature="navigatingToFaceBook()[pri:0, instance:xboxLiveTestFramework_Tests.FriendsAndClubsSideBarTest@4cb2c100]" name="navigatingToFaceBook" duration-ms="9627" started-at="2018-01-19T14:28:46Z" finished-at="2018-01-19T14:28:55Z">
          <reporter-output>
          </reporter-output>
        </test-method> <!-- navigatingToFaceBook -->
        <test-method status="PASS" signature="startPoint()[pri:0, instance:xboxLiveTestFramework_Tests.FriendsAndClubsSideBarTest@4cb2c100]" name="startPoint" is-config="true" duration-ms="7079" started-at="2018-01-19T14:28:55Z" finished-at="2018-01-19T14:29:02Z">
          <reporter-output>
          </reporter-output>
        </test-method> <!-- startPoint -->
        <test-method status="PASS" signature="removeSuggestions()[pri:0, instance:xboxLiveTestFramework_Tests.FriendsAndClubsSideBarTest@4cb2c100]" name="removeSuggestions" duration-ms="8045" started-at="2018-01-19T14:29:02Z" finished-at="2018-01-19T14:29:10Z">
          <reporter-output>
          </reporter-output>
        </test-method> <!-- removeSuggestions -->
        <test-method status="PASS" signature="startPoint()[pri:0, instance:xboxLiveTestFramework_Tests.FriendsAndClubsSideBarTest@4cb2c100]" name="startPoint" is-config="true" duration-ms="6709" started-at="2018-01-19T14:29:10Z" finished-at="2018-01-19T14:29:17Z">
          <reporter-output>
          </reporter-output>
        </test-method> <!-- startPoint -->
        <test-method status="FAIL" signature="seeAllFilter()[pri:0, instance:xboxLiveTestFramework_Tests.FriendsAndClubsSideBarTest@4cb2c100]" name="seeAllFilter" duration-ms="81867" started-at="2018-01-19T14:29:17Z" finished-at="2018-01-19T14:30:39Z">
          <exception class="org.openqa.selenium.NoSuchElementException">
            <message>
              <![CDATA[no such element: Unable to locate element: {"method":"id","selector":"friendsbackactionlink"}  (Session info: chrome=63.0.3239.132)  (Driver info: chromedriver=2.34.522940 (1a76f96f66e3ca7b8e57d503b4dd3bccfba87af1),platform=Windows NT 10.0.16299 x86_64) (WARNING: The server did not provide any stacktrace information)Command duration or timeout: 0 millisecondsFor documentation on this error, please visit: http://seleniumhq.org/exceptions/no_such_element.htmlBuild info: version: '3.7.1', revision: '8a0099a', time: '2017-11-06T21:01:39.354Z'System info: host: 'LAPTOP-L1BFDSGL', ip: '10.0.0.31', os.name: 'Windows 10', os.arch: 'amd64', os.version: '10.0', java.version: '1.8.0_161'Driver info: org.openqa.selenium.chrome.ChromeDriverCapabilities {acceptSslCerts: true, applicationCacheEnabled: false, browserConnectionEnabled: false, browserName: chrome, chrome: {chromedriverVersion: 2.34.522940 (1a76f96f66e3ca..., userDataDir: C:\Users\Rigat\AppData\Loca...}, cssSelectorsEnabled: true, databaseEnabled: false, handlesAlerts: true, hasTouchScreen: false, javascriptEnabled: true, locationContextEnabled: true, mobileEmulationEnabled: false, nativeEvents: true, networkConnectionEnabled: false, pageLoadStrategy: normal, platform: XP, platformName: XP, rotatable: false, setWindowRect: true, takesHeapSnapshot: true, takesScreenshot: true, unexpectedAlertBehaviour: , unhandledPromptBehavior: , version: 63.0.3239.132, webStorageEnabled: true}Session ID: 17650659470e02adf07d053f9ce26bd0*** Element info: {Using=id, value=friendsbackactionlink}]]>
            </message>
            <full-stacktrace>
              <![CDATA[org.openqa.selenium.NoSuchElementException: no such element: Unable to locate element: {"method":"id","selector":"friendsbackactionlink"}  (Session info: chrome=63.0.3239.132)  (Driver info: chromedriver=2.34.522940 (1a76f96f66e3ca7b8e57d503b4dd3bccfba87af1),platform=Windows NT 10.0.16299 x86_64) (WARNING: The server did not provide any stacktrace information)Command duration or timeout: 0 millisecondsFor documentation on this error, please visit: http://seleniumhq.org/exceptions/no_such_element.htmlBuild info: version: '3.7.1', revision: '8a0099a', time: '2017-11-06T21:01:39.354Z'System info: host: 'LAPTOP-L1BFDSGL', ip: '10.0.0.31', os.name: 'Windows 10', os.arch: 'amd64', os.version: '10.0', java.version: '1.8.0_161'Driver info: org.openqa.selenium.chrome.ChromeDriverCapabilities {acceptSslCerts: true, applicationCacheEnabled: false, browserConnectionEnabled: false, browserName: chrome, chrome: {chromedriverVersion: 2.34.522940 (1a76f96f66e3ca..., userDataDir: C:\Users\Rigat\AppData\Loca...}, cssSelectorsEnabled: true, databaseEnabled: false, handlesAlerts: true, hasTouchScreen: false, javascriptEnabled: true, locationContextEnabled: true, mobileEmulationEnabled: false, nativeEvents: true, networkConnectionEnabled: false, pageLoadStrategy: normal, platform: XP, platformName: XP, rotatable: false, setWindowRect: true, takesHeapSnapshot: true, takesScreenshot: true, unexpectedAlertBehaviour: , unhandledPromptBehavior: , version: 63.0.3239.132, webStorageEnabled: true}Session ID: 17650659470e02adf07d053f9ce26bd0*** Element info: {Using=id, value=friendsbackactionlink}at sun.reflect.NativeConstructorAccessorImpl.newInstance0(Native Method)at sun.reflect.NativeConstructorAccessorImpl.newInstance(Unknown Source)at sun.reflect.DelegatingConstructorAccessorImpl.newInstance(Unknown Source)at java.lang.reflect.Constructor.newInstance(Unknown Source)at org.openqa.selenium.remote.ErrorHandler.createThrowable(ErrorHandler.java:214)at org.openqa.selenium.remote.ErrorHandler.throwIfResponseFailed(ErrorHandler.java:166)at org.openqa.selenium.remote.http.JsonHttpResponseCodec.reconstructValue(JsonHttpResponseCodec.java:40)at org.openqa.selenium.remote.http.AbstractHttpResponseCodec.decode(AbstractHttpResponseCodec.java:80)at org.openqa.selenium.remote.http.AbstractHttpResponseCodec.decode(AbstractHttpResponseCodec.java:44)at org.openqa.selenium.remote.HttpCommandExecutor.execute(HttpCommandExecutor.java:164)at org.openqa.selenium.remote.service.DriverCommandExecutor.execute(DriverCommandExecutor.java:83)at org.openqa.selenium.remote.RemoteWebDriver.execute(RemoteWebDriver.java:600)at org.openqa.selenium.remote.RemoteWebDriver.findElement(RemoteWebDriver.java:370)at org.openqa.selenium.remote.RemoteWebDriver.findElementById(RemoteWebDriver.java:416)at org.openqa.selenium.By$ById.findElement(By.java:218)at org.openqa.selenium.remote.RemoteWebDriver.findElement(RemoteWebDriver.java:362)at xboxLivePageObjects_Lib.Driver.findElement(Driver.java:38)at org.openqa.selenium.support.pagefactory.DefaultElementLocator.findElement(DefaultElementLocator.java:69)at org.openqa.selenium.support.pagefactory.internal.LocatingElementHandler.invoke(LocatingElementHandler.java:38)at com.sun.proxy.$Proxy9.click(Unknown Source)at xboxLivePageObjects_Lib.FriendsandClubsComponent.goBackToGeneralFilter(FriendsandClubsComponent.java:323)at xboxLiveTestFramework_Tests.FriendsAndClubsSideBarTest.seeAllFilter(FriendsAndClubsSideBarTest.java:190)at sun.reflect.NativeMethodAccessorImpl.invoke0(Native Method)at sun.reflect.NativeMethodAccessorImpl.invoke(Unknown Source)at sun.reflect.DelegatingMethodAccessorImpl.invoke(Unknown Source)at java.lang.reflect.Method.invoke(Unknown Source)at org.testng.internal.MethodInvocationHelper.invokeMethod(MethodInvocationHelper.java:124)at org.testng.internal.Invoker.invokeMethod(Invoker.java:571)at org.testng.internal.Invoker.invokeTestMethod(Invoker.java:707)at org.testng.internal.Invoker.invokeTestMethods(Invoker.java:979)at org.testng.internal.TestMethodWorker.invokeTestMethods(TestMethodWorker.java:125)at org.testng.internal.TestMethodWorker.run(TestMethodWorker.java:109)at org.testng.TestRunner.privateRun(TestRunner.java:648)at org.testng.TestRunner.run(TestRunner.java:505)at org.testng.SuiteRunner.runTest(SuiteRunner.java:455)at org.testng.SuiteRunner.runSequentially(SuiteRunner.java:450)at org.testng.SuiteRunner.privateRun(SuiteRunner.java:415)at org.testng.SuiteRunner.run(SuiteRunner.java:364)at org.testng.SuiteRunnerWorker.runSuite(SuiteRunnerWorker.java:52)at org.testng.SuiteRunnerWorker.run(SuiteRunnerWorker.java:84)at org.testng.TestNG.runSuitesSequentially(TestNG.java:1187)at org.testng.TestNG.runSuitesLocally(TestNG.java:1116)at org.testng.TestNG.runSuites(TestNG.java:1028)at org.testng.TestNG.run(TestNG.java:996)at org.apache.maven.surefire.testng.TestNGExecutor.run(TestNGExecutor.java:283)at org.apache.maven.surefire.testng.TestNGXmlTestSuite.execute(TestNGXmlTestSuite.java:75)at org.apache.maven.surefire.testng.TestNGProvider.invoke(TestNGProvider.java:120)at org.apache.maven.surefire.booter.ForkedBooter.invokeProviderInSameClassLoader(ForkedBooter.java:373)at org.apache.maven.surefire.booter.ForkedBooter.runSuitesInProcess(ForkedBooter.java:334)at org.apache.maven.surefire.booter.ForkedBooter.execute(ForkedBooter.java:119)at org.apache.maven.surefire.booter.ForkedBooter.main(ForkedBooter.java:407)]]>
            </full-stacktrace>
          </exception> <!-- org.openqa.selenium.NoSuchElementException -->
          <reporter-output>
          </reporter-output>
        </test-method> <!-- seeAllFilter -->
        <test-method status="PASS" signature="startPoint()[pri:0, instance:xboxLiveTestFramework_Tests.FriendsAndClubsSideBarTest@4cb2c100]" name="startPoint" is-config="true" duration-ms="8220" started-at="2018-01-19T14:30:39Z" finished-at="2018-01-19T14:30:47Z">
          <reporter-output>
          </reporter-output>
        </test-method> <!-- startPoint -->
        <test-method status="PASS" signature="viewAccounts()[pri:0, instance:xboxLiveTestFramework_Tests.FriendsAndClubsSideBarTest@4cb2c100]" name="viewAccounts" duration-ms="13068" started-at="2018-01-19T14:30:47Z" finished-at="2018-01-19T14:31:00Z">
          <reporter-output>
          </reporter-output>
        </test-method> <!-- viewAccounts -->
        <test-method status="PASS" signature="startPoint()[pri:0, instance:xboxLiveTestFramework_Tests.FriendsAndClubsSideBarTest@4cb2c100]" name="startPoint" is-config="true" duration-ms="7086" started-at="2018-01-19T14:31:00Z" finished-at="2018-01-19T14:31:07Z">
          <reporter-output>
          </reporter-output>
        </test-method> <!-- startPoint -->
        <test-method status="PASS" signature="cleanUp()[pri:0, instance:xboxLiveTestFramework_Tests.FriendsAndClubsSideBarTest@4cb2c100]" name="cleanUp" is-config="true" duration-ms="462" started-at="2018-01-19T14:31:07Z" finished-at="2018-01-19T14:31:08Z">
          <reporter-output>
          </reporter-output>
        </test-method> <!-- cleanUp -->
        <test-method status="PASS" signature="tearDown()[pri:0, instance:xboxLiveTestFramework_Tests.FriendsAndClubsSideBarTest@4cb2c100]" name="tearDown" is-config="true" duration-ms="2126" started-at="2018-01-19T14:31:08Z" finished-at="2018-01-19T14:31:10Z">
          <reporter-output>
          </reporter-output>
        </test-method> <!-- tearDown -->
      </class> <!-- xboxLiveTestFramework_Tests.FriendsAndClubsSideBarTest -->
    </test> <!-- Tests -->
  </suite> <!-- All-Tests -->
</testng-results>
