<?xml version="1.0" encoding="UTF-8"?>
<testsuite xmlns:xsi="http://www.w3.org/2001/XMLSchema-instance" xsi:noNamespaceSchemaLocation="https://maven.apache.org/surefire/maven-surefire-plugin/xsd/surefire-test-report.xsd" name="TestSuite" time="531.921" tests="19" errors="0" skipped="3" failures="2">
  <properties>
[...]
</properties>
  <testcase name="checkPostedLinks" classname="xboxLiveTestFramework_Tests.MyXboxHomePageTest" time="29.738"/>
  <testcase name="deletePost" classname="xboxLiveTestFramework_Tests.MyXboxHomePageTest" time="11.295"/>
  <testcase name="expandList" classname="xboxLiveTestFramework_Tests.MyXboxHomePageTest" time="5.476"/>
  <testcase name="findByText" classname="xboxLiveTestFramework_Tests.MyXboxHomePageTest" time="17.207"/>
  <testcase name="generalFilters" classname="xboxLiveTestFramework_Tests.MyXboxHomePageTest" time="56.356"/>
  <testcase name="navigatingToFaceBook" classname="xboxLiveTestFramework_Tests.MyXboxHomePageTest" time="0">
    <skipped message="Element &lt;a href=&quot;/en-us/friends/facebookfriends&quot;&gt; could not be scrolled into view&#10;Build info: version: &apos;3.7.1&apos;, revision: &apos;8a0099a&apos;, time: &apos;2017-11-06T21:01:39.354Z&apos;&#10;System info: host: &apos;LAPTOP-L1BFDSGL&apos;, ip: &apos;10.0.0.26&apos;, os.name: &apos;Windows 10&apos;, os.arch: &apos;amd64&apos;, os.version: &apos;10.0&apos;, java.version: &apos;1.8.0_161&apos;&#10;Driver info: org.openqa.selenium.firefox.FirefoxDriver&#10;Capabilities {acceptInsecureCerts: true, browserName: firefox, browserVersion: 58.0.1, javascriptEnabled: true, moz:accessibilityChecks: false, moz:headless: false, moz:processID: 14900, moz:profile: C:\Users\Rigat\AppData\Loca..., moz:webdriverClick: true, pageLoadStrategy: normal, platform: XP, platformName: XP, platformVersion: 10.0, rotatable: false, timeouts: {implicit: 0, pageLoad: 300000, script: 30000}}&#10;Session ID: e52936bd-72da-4b95-b87d-6ccf72e059a3"/>
    <system-out><![CDATA[This is the before step: 
]]></system-out>
  </testcase>
  <testcase name="navigatingToFaceBook" classname="xboxLiveTestFramework_Tests.MyXboxHomePageTest" time="4.543">
    <failure message="Element &lt;a href=&quot;/en-us/friends/facebookfriends&quot;&gt; could not be scrolled into view&#10;Build info: version: &apos;3.7.1&apos;, revision: &apos;8a0099a&apos;, time: &apos;2017-11-06T21:01:39.354Z&apos;&#10;System info: host: &apos;LAPTOP-L1BFDSGL&apos;, ip: &apos;10.0.0.26&apos;, os.name: &apos;Windows 10&apos;, os.arch: &apos;amd64&apos;, os.version: &apos;10.0&apos;, java.version: &apos;1.8.0_161&apos;&#10;Driver info: org.openqa.selenium.firefox.FirefoxDriver&#10;Capabilities {acceptInsecureCerts: true, browserName: firefox, browserVersion: 58.0.1, javascriptEnabled: true, moz:accessibilityChecks: false, moz:headless: false, moz:processID: 14900, moz:profile: C:\Users\Rigat\AppData\Loca..., moz:webdriverClick: true, pageLoadStrategy: normal, platform: XP, platformName: XP, platformVersion: 10.0, rotatable: false, timeouts: {implicit: 0, pageLoad: 300000, script: 30000}}&#10;Session ID: e52936bd-72da-4b95-b87d-6ccf72e059a3" type="org.openqa.selenium.ElementNotInteractableException"><![CDATA[org.openqa.selenium.ElementNotInteractableException: 
Element <a href="/en-us/friends/facebookfriends"> could not be scrolled into view
Build info: version: '3.7.1', revision: '8a0099a', time: '2017-11-06T21:01:39.354Z'
System info: host: 'LAPTOP-L1BFDSGL', ip: '10.0.0.26', os.name: 'Windows 10', os.arch: 'amd64', os.version: '10.0', java.version: '1.8.0_161'
Driver info: org.openqa.selenium.firefox.FirefoxDriver
Capabilities {acceptInsecureCerts: true, browserName: firefox, browserVersion: 58.0.1, javascriptEnabled: true, moz:accessibilityChecks: false, moz:headless: false, moz:processID: 14900, moz:profile: C:\Users\Rigat\AppData\Loca..., moz:webdriverClick: true, pageLoadStrategy: normal, platform: XP, platformName: XP, platformVersion: 10.0, rotatable: false, timeouts: {implicit: 0, pageLoad: 300000, script: 30000}}
Session ID: e52936bd-72da-4b95-b87d-6ccf72e059a3
	at xboxLiveTestFramework_Tests.MyXboxHomePageTest.navigatingToFaceBook(MyXboxHomePageTest.java:237)
]]></failure>
    <system-out><![CDATA[This is the before step: 
The webpage loaded incorrectly, refreshing: 
]]></system-out>
  </testcase>
  <testcase name="openBoxAndComment" classname="xboxLiveTestFramework_Tests.MyXboxHomePageTest" time="11.338"/>
  <testcase name="openBoxAndCommentThenDelete" classname="xboxLiveTestFramework_Tests.MyXboxHomePageTest" time="0">
    <skipped message="Unable to locate element: .comment&#10;For documentation on this error, please visit: http://seleniumhq.org/exceptions/no_such_element.html&#10;Build info: version: &apos;3.7.1&apos;, revision: &apos;8a0099a&apos;, time: &apos;2017-11-06T21:01:39.354Z&apos;&#10;System info: host: &apos;LAPTOP-L1BFDSGL&apos;, ip: &apos;10.0.0.26&apos;, os.name: &apos;Windows 10&apos;, os.arch: &apos;amd64&apos;, os.version: &apos;10.0&apos;, java.version: &apos;1.8.0_161&apos;&#10;Driver info: org.openqa.selenium.firefox.FirefoxDriver&#10;Capabilities {acceptInsecureCerts: true, browserName: firefox, browserVersion: 58.0.1, javascriptEnabled: true, moz:accessibilityChecks: false, moz:headless: false, moz:processID: 14900, moz:profile: C:\Users\Rigat\AppData\Loca..., moz:webdriverClick: true, pageLoadStrategy: normal, platform: XP, platformName: XP, platformVersion: 10.0, rotatable: false, timeouts: {implicit: 0, pageLoad: 300000, script: 30000}}&#10;Session ID: e52936bd-72da-4b95-b87d-6ccf72e059a3&#10;*** Element info: {Using=class name, value=comment}"/>
    <system-out><![CDATA[This is the before step: 
Found our recent post Ixlyg)eFrN on Post: 3 Comment: 1 From: PopulousToast73
Found our recent post Ixlyg)eFrN on Post: 3 Comment: 1 From: PopulousToast73
]]></system-out>
    <system-err><![CDATA[JavaScript error: https://statics-xbc-eas.xbox.com/account/_scrf/js/themes=alt/c4-f6736c/79-caa2e1/fd-475285/81-98d996/38-097622/75-bf67d6/9f-0da36b/55-e50491/51-caca9c/8b-c87139/4d-cfd487/86-136e0c/34-d6f81a/63-a7ed6b/8c-4144fa/7e-453e5d/93-5d32e4/3d-696aac/f1-ead36b/cb-ecd88b/54-11ea64/39-21e731/eb-d4a6ae/78-cafca3/a1-b5e7a7/35-ac2751/69-014b4f/85-c6428c/c9-4e1225/19-a3899b/c3-029418/2a-ed3773/8f-4b5c71/78-0a01cc/ec-2525e4/c5-9d9828/c1-41ea5b/71-373190/7e-8a8833/33-ee5970/c9-e52d5d/6c-bc50ae/6f-42a791/44-98032f/f7-ead613/dd-36a280/49-018b1f/cc-7896ad/49-c0ed25/79-721bfb/88-3ecb66/b9-5015f3/1c-51c70b/c3-2342e2/83-4a7dcb/c2-1ecc00/89-2ddc3f/e4-2741db/2c-7bc52b/11-ba7050/18-ab34fe/7b-adaed0/ef-11b512/be-46b408/d2-e3193b/cd-3f98bf/12-9b9450/4b-a50c28/16-bbbba7/4c-e99d80/2e-97cc03/5e-0fae47/d2-043c65/ba-549345/31-8b97b4/d3-a58210/5f-cb833b/b2-8927f0/25-fd6f99/74-f57ce7/f2-3ed2df/73-21b5ce/f9-1ae5be/2b-ecb1ed/85-6759e0/c0-3bfff0/43-6b6215/82-d1924f/27-c3b33e/56-c42c6a?ver=2.0, line 5: TypeError: i is undefined
JavaScript error: https://statics-xbc-eas.xbox.com/account/_scrf/js/themes=alt/c4-f6736c/79-caa2e1/fd-475285/81-98d996/38-097622/75-bf67d6/9f-0da36b/55-e50491/51-caca9c/8b-c87139/4d-cfd487/86-136e0c/34-d6f81a/63-a7ed6b/8c-4144fa/7e-453e5d/93-5d32e4/3d-696aac/f1-ead36b/cb-ecd88b/54-11ea64/39-21e731/eb-d4a6ae/78-cafca3/a1-b5e7a7/35-ac2751/69-014b4f/85-c6428c/c9-4e1225/19-a3899b/c3-029418/2a-ed3773/8f-4b5c71/78-0a01cc/ec-2525e4/c5-9d9828/c1-41ea5b/71-373190/7e-8a8833/33-ee5970/c9-e52d5d/6c-bc50ae/6f-42a791/44-98032f/f7-ead613/dd-36a280/49-018b1f/cc-7896ad/49-c0ed25/79-721bfb/88-3ecb66/b9-5015f3/1c-51c70b/c3-2342e2/83-4a7dcb/c2-1ecc00/89-2ddc3f/e4-2741db/2c-7bc52b/11-ba7050/18-ab34fe/7b-adaed0/ef-11b512/be-46b408/d2-e3193b/cd-3f98bf/12-9b9450/4b-a50c28/16-bbbba7/4c-e99d80/2e-97cc03/5e-0fae47/d2-043c65/ba-549345/31-8b97b4/d3-a58210/5f-cb833b/b2-8927f0/25-fd6f99/74-f57ce7/f2-3ed2df/73-21b5ce/f9-1ae5be/2b-ecb1ed/85-6759e0/c0-3bfff0/43-6b6215/82-d1924f/27-c3b33e/56-c42c6a?ver=2.0, line 5: TypeError: i is undefined
JavaScript error: https://statics-xbc-eas.xbox.com/account/_scrf/js/themes=alt/c4-f6736c/79-caa2e1/fd-475285/81-98d996/38-097622/75-bf67d6/9f-0da36b/55-e50491/51-caca9c/8b-c87139/4d-cfd487/86-136e0c/34-d6f81a/63-a7ed6b/8c-4144fa/7e-453e5d/93-5d32e4/3d-696aac/f1-ead36b/cb-ecd88b/54-11ea64/39-21e731/eb-d4a6ae/78-cafca3/a1-b5e7a7/35-ac2751/69-014b4f/85-c6428c/c9-4e1225/19-a3899b/c3-029418/2a-ed3773/8f-4b5c71/78-0a01cc/ec-2525e4/c5-9d9828/c1-41ea5b/71-373190/7e-8a8833/33-ee5970/c9-e52d5d/6c-bc50ae/6f-42a791/44-98032f/f7-ead613/dd-36a280/49-018b1f/cc-7896ad/49-c0ed25/79-721bfb/88-3ecb66/b9-5015f3/1c-51c70b/c3-2342e2/83-4a7dcb/c2-1ecc00/89-2ddc3f/e4-2741db/2c-7bc52b/11-ba7050/18-ab34fe/7b-adaed0/ef-11b512/be-46b408/d2-e3193b/cd-3f98bf/12-9b9450/4b-a50c28/16-bbbba7/4c-e99d80/2e-97cc03/5e-0fae47/d2-043c65/ba-549345/31-8b97b4/d3-a58210/5f-cb833b/b2-8927f0/25-fd6f99/74-f57ce7/f2-3ed2df/73-21b5ce/f9-1ae5be/2b-ecb1ed/85-6759e0/c0-3bfff0/43-6b6215/82-d1924f/27-c3b33e/56-c42c6a?ver=2.0, line 5: TypeError: i is undefined
]]></system-err>
  </testcase>
  <testcase name="openBoxAndCommentThenDelete" classname="xboxLiveTestFramework_Tests.MyXboxHomePageTest" time="24.635"/>
  <testcase name="pickRandomMixerStream" classname="xboxLiveTestFramework_Tests.MyXboxHomePageTest" time="0.515"/>
  <testcase name="postALike" classname="xboxLiveTestFramework_Tests.MyXboxHomePageTest" time="15.022"/>
  <testcase name="postNewMessage" classname="xboxLiveTestFramework_Tests.MyXboxHomePageTest" time="11.428"/>
  <testcase name="removeSuggestions" classname="xboxLiveTestFramework_Tests.MyXboxHomePageTest" time="12.239"/>
  <testcase name="seeAllFilter" classname="xboxLiveTestFramework_Tests.MyXboxHomePageTest" time="52.81"/>
  <testcase name="seeAllMixerStream" classname="xboxLiveTestFramework_Tests.MyXboxHomePageTest" time="9.787"/>
  <testcase name="sharePosts" classname="xboxLiveTestFramework_Tests.MyXboxHomePageTest" time="45.079"/>
  <testcase name="viewAccounts" classname="xboxLiveTestFramework_Tests.MyXboxHomePageTest" time="0">
    <skipped message="Element &lt;a href=&quot;/en-us/Profile?GamerTag=ChrissyBoi87&quot;&gt; could not be scrolled into view&#10;Build info: version: &apos;3.7.1&apos;, revision: &apos;8a0099a&apos;, time: &apos;2017-11-06T21:01:39.354Z&apos;&#10;System info: host: &apos;LAPTOP-L1BFDSGL&apos;, ip: &apos;10.0.0.26&apos;, os.name: &apos;Windows 10&apos;, os.arch: &apos;amd64&apos;, os.version: &apos;10.0&apos;, java.version: &apos;1.8.0_161&apos;&#10;Driver info: org.openqa.selenium.firefox.FirefoxDriver&#10;Capabilities {acceptInsecureCerts: true, browserName: firefox, browserVersion: 58.0.1, javascriptEnabled: true, moz:accessibilityChecks: false, moz:headless: false, moz:processID: 14900, moz:profile: C:\Users\Rigat\AppData\Loca..., moz:webdriverClick: true, pageLoadStrategy: normal, platform: XP, platformName: XP, platformVersion: 10.0, rotatable: false, timeouts: {implicit: 0, pageLoad: 300000, script: 30000}}&#10;Session ID: e52936bd-72da-4b95-b87d-6ccf72e059a3"/>
    <system-out><![CDATA[This is the before step: 
Checking list from the Friends & Club Side Bar: 
Profile 1: xTwinkle Toesx
Profile 2: Paul Doyle Veronica Gomes
Profile 3: ChrissyBoi87 FastFuriousCruisers CEO/Host
]]></system-out>
  </testcase>
  <testcase name="viewAccounts" classname="xboxLiveTestFramework_Tests.MyXboxHomePageTest" time="0.565">
    <failure message="Element &lt;a href=&quot;/en-us/Profile?GamerTag=KiwiCrashDummy&quot;&gt; could not be scrolled into view&#10;Build info: version: &apos;3.7.1&apos;, revision: &apos;8a0099a&apos;, time: &apos;2017-11-06T21:01:39.354Z&apos;&#10;System info: host: &apos;LAPTOP-L1BFDSGL&apos;, ip: &apos;10.0.0.26&apos;, os.name: &apos;Windows 10&apos;, os.arch: &apos;amd64&apos;, os.version: &apos;10.0&apos;, java.version: &apos;1.8.0_161&apos;&#10;Driver info: org.openqa.selenium.firefox.FirefoxDriver&#10;Capabilities {acceptInsecureCerts: true, browserName: firefox, browserVersion: 58.0.1, javascriptEnabled: true, moz:accessibilityChecks: false, moz:headless: false, moz:processID: 14900, moz:profile: C:\Users\Rigat\AppData\Loca..., moz:webdriverClick: true, pageLoadStrategy: normal, platform: XP, platformName: XP, platformVersion: 10.0, rotatable: false, timeouts: {implicit: 0, pageLoad: 300000, script: 30000}}&#10;Session ID: e52936bd-72da-4b95-b87d-6ccf72e059a3" type="org.openqa.selenium.ElementNotInteractableException"><![CDATA[org.openqa.selenium.ElementNotInteractableException: 
Element <a href="/en-us/Profile?GamerTag=KiwiCrashDummy"> could not be scrolled into view
Build info: version: '3.7.1', revision: '8a0099a', time: '2017-11-06T21:01:39.354Z'
System info: host: 'LAPTOP-L1BFDSGL', ip: '10.0.0.26', os.name: 'Windows 10', os.arch: 'amd64', os.version: '10.0', java.version: '1.8.0_161'
Driver info: org.openqa.selenium.firefox.FirefoxDriver
Capabilities {acceptInsecureCerts: true, browserName: firefox, browserVersion: 58.0.1, javascriptEnabled: true, moz:accessibilityChecks: false, moz:headless: false, moz:processID: 14900, moz:profile: C:\Users\Rigat\AppData\Loca..., moz:webdriverClick: true, pageLoadStrategy: normal, platform: XP, platformName: XP, platformVersion: 10.0, rotatable: false, timeouts: {implicit: 0, pageLoad: 300000, script: 30000}}
Session ID: e52936bd-72da-4b95-b87d-6ccf72e059a3
	at xboxLiveTestFramework_Tests.MyXboxHomePageTest.viewAccounts(MyXboxHomePageTest.java:219)
]]></failure>
    <system-out><![CDATA[This is the before step: 
Checking list from the Friends & Club Side Bar: 
Profile 1: xTwinkle Toesx
Profile 2: KiwiCrashDummy
Profile 3: ChrisWolvez www.twitch.tv/woivez
]]></system-out>
  </testcase>
</testsuite>