<?xml version="1.0" encoding="UTF-8"?>
<!-- Generated by org.testng.reporters.JUnitXMLReporter -->
<testsuite hostname="LAPTOP-L1BFDSGL" ignored="24" name="Tests" tests="19" failures="2" timestamp="30 Jan 2018 07:14:01 GMT" time="531.011" errors="0">
  <testcase name="checkPostedLinks" time="29.722" classname="xboxLiveTestFramework_Tests.MyXboxHomePageTest"/>
  <testcase name="deletePost" time="11.295" classname="xboxLiveTestFramework_Tests.MyXboxHomePageTest"/>
  <testcase name="expandList" time="5.477" classname="xboxLiveTestFramework_Tests.MyXboxHomePageTest"/>
  <testcase name="findByText" time="17.205" classname="xboxLiveTestFramework_Tests.MyXboxHomePageTest"/>
  <testcase name="generalFilters" time="56.356" classname="xboxLiveTestFramework_Tests.MyXboxHomePageTest"/>
  <testcase name="navigatingToFaceBook" time="4.47" classname="xboxLiveTestFramework_Tests.MyXboxHomePageTest">
    <skipped/>
  </testcase> <!-- navigatingToFaceBook -->
  <testcase name="navigatingToFaceBook" time="4.537" classname="xboxLiveTestFramework_Tests.MyXboxHomePageTest">
    <failure type="org.openqa.selenium.ElementNotInteractableException" message="Element &amp;lt;a href=&amp;quot;/en-us/friends/facebookfriends&amp;quot;&amp;gt; could not be scrolled into view
Build info: version: &amp;apos;3.7.1&amp;apos;, revision: &amp;apos;8a0099a&amp;apos;, time: &amp;apos;2017-11-06T21:01:39.354Z&amp;apos;
System info: host: &amp;apos;LAPTOP-L1BFDSGL&amp;apos;, ip: &amp;apos;10.0.0.26&amp;apos;, os.name: &amp;apos;Windows 10&amp;apos;, os.arch: &amp;apos;amd64&amp;apos;, os.version: &amp;apos;10.0&amp;apos;, java.version: &amp;apos;1.8.0_161&amp;apos;
Driver info: org.openqa.selenium.firefox.FirefoxDriver
Capabilities {acceptInsecureCerts: true, browserName: firefox, browserVersion: 58.0.1, javascriptEnabled: true, moz:accessibilityChecks: false, moz:headless: false, moz:processID: 14900, moz:profile: C:\Users\Rigat\AppData\Loca..., moz:webdriverClick: true, pageLoadStrategy: normal, platform: XP, platformName: XP, platformVersion: 10.0, rotatable: false, timeouts: {implicit: 0, pageLoad: 300000, script: 30000}}
Session ID: e52936bd-72da-4b95-b87d-6ccf72e059a3">
      <![CDATA[org.openqa.selenium.ElementNotInteractableException: Element <a href="/en-us/friends/facebookfriends"> could not be scrolled into viewBuild info: version: '3.7.1', revision: '8a0099a', time: '2017-11-06T21:01:39.354Z'System info: host: 'LAPTOP-L1BFDSGL', ip: '10.0.0.26', os.name: 'Windows 10', os.arch: 'amd64', os.version: '10.0', java.version: '1.8.0_161'Driver info: org.openqa.selenium.firefox.FirefoxDriverCapabilities {acceptInsecureCerts: true, browserName: firefox, browserVersion: 58.0.1, javascriptEnabled: true, moz:accessibilityChecks: false, moz:headless: false, moz:processID: 14900, moz:profile: C:\Users\Rigat\AppData\Loca..., moz:webdriverClick: true, pageLoadStrategy: normal, platform: XP, platformName: XP, platformVersion: 10.0, rotatable: false, timeouts: {implicit: 0, pageLoad: 300000, script: 30000}}Session ID: e52936bd-72da-4b95-b87d-6ccf72e059a3at org.openqa.selenium.remote.http.W3CHttpResponseCodec.createException(W3CHttpResponseCodec.java:187)at org.openqa.selenium.remote.http.W3CHttpResponseCodec.decode(W3CHttpResponseCodec.java:122)at org.openqa.selenium.remote.http.W3CHttpResponseCodec.decode(W3CHttpResponseCodec.java:49)at org.openqa.selenium.remote.HttpCommandExecutor.execute(HttpCommandExecutor.java:164)at org.openqa.selenium.remote.service.DriverCommandExecutor.execute(DriverCommandExecutor.java:83)at org.openqa.selenium.remote.RemoteWebDriver.execute(RemoteWebDriver.java:600)at org.openqa.selenium.remote.RemoteWebElement.execute(RemoteWebElement.java:279)at org.openqa.selenium.remote.RemoteWebElement.click(RemoteWebElement.java:83)at xboxLivePageObjects_Lib.FriendsandClubsComponent.findFaceBookFriends(FriendsandClubsComponent.java:319)at xboxLiveTestFramework_Tests.MyXboxHomePageTest.navigatingToFaceBook(MyXboxHomePageTest.java:237)... Removed 33 stack frames]]>
    </failure>
  </testcase> <!-- navigatingToFaceBook -->
  <testcase name="openBoxAndComment" time="11.339" classname="xboxLiveTestFramework_Tests.MyXboxHomePageTest"/>
  <testcase name="openBoxAndCommentThenDelete" time="23.667" classname="xboxLiveTestFramework_Tests.MyXboxHomePageTest">
    <skipped/>
  </testcase> <!-- openBoxAndCommentThenDelete -->
  <testcase name="openBoxAndCommentThenDelete" time="24.636" classname="xboxLiveTestFramework_Tests.MyXboxHomePageTest"/>
  <testcase name="pickRandomMixerStream" time="0.515" classname="xboxLiveTestFramework_Tests.MyXboxHomePageTest"/>
  <testcase name="postALike" time="15.023" classname="xboxLiveTestFramework_Tests.MyXboxHomePageTest"/>
  <testcase name="postNewMessage" time="11.428" classname="xboxLiveTestFramework_Tests.MyXboxHomePageTest"/>
  <testcase name="removeSuggestions" time="12.239" classname="xboxLiveTestFramework_Tests.MyXboxHomePageTest"/>
  <testcase name="seeAllFilter" time="52.809" classname="xboxLiveTestFramework_Tests.MyXboxHomePageTest"/>
  <testcase name="seeAllMixerStream" time="9.786" classname="xboxLiveTestFramework_Tests.MyXboxHomePageTest"/>
  <testcase name="sharePosts" time="45.08" classname="xboxLiveTestFramework_Tests.MyXboxHomePageTest"/>
  <testcase name="viewAccounts" time="0.499" classname="xboxLiveTestFramework_Tests.MyXboxHomePageTest">
    <skipped/>
  </testcase> <!-- viewAccounts -->
  <testcase name="viewAccounts" time="0.565" classname="xboxLiveTestFramework_Tests.MyXboxHomePageTest">
    <failure type="org.openqa.selenium.ElementNotInteractableException" message="Element &amp;lt;a href=&amp;quot;/en-us/Profile?GamerTag=KiwiCrashDummy&amp;quot;&amp;gt; could not be scrolled into view
Build info: version: &amp;apos;3.7.1&amp;apos;, revision: &amp;apos;8a0099a&amp;apos;, time: &amp;apos;2017-11-06T21:01:39.354Z&amp;apos;
System info: host: &amp;apos;LAPTOP-L1BFDSGL&amp;apos;, ip: &amp;apos;10.0.0.26&amp;apos;, os.name: &amp;apos;Windows 10&amp;apos;, os.arch: &amp;apos;amd64&amp;apos;, os.version: &amp;apos;10.0&amp;apos;, java.version: &amp;apos;1.8.0_161&amp;apos;
Driver info: org.openqa.selenium.firefox.FirefoxDriver
Capabilities {acceptInsecureCerts: true, browserName: firefox, browserVersion: 58.0.1, javascriptEnabled: true, moz:accessibilityChecks: false, moz:headless: false, moz:processID: 14900, moz:profile: C:\Users\Rigat\AppData\Loca..., moz:webdriverClick: true, pageLoadStrategy: normal, platform: XP, platformName: XP, platformVersion: 10.0, rotatable: false, timeouts: {implicit: 0, pageLoad: 300000, script: 30000}}
Session ID: e52936bd-72da-4b95-b87d-6ccf72e059a3">
      <![CDATA[org.openqa.selenium.ElementNotInteractableException: Element <a href="/en-us/Profile?GamerTag=KiwiCrashDummy"> could not be scrolled into viewBuild info: version: '3.7.1', revision: '8a0099a', time: '2017-11-06T21:01:39.354Z'System info: host: 'LAPTOP-L1BFDSGL', ip: '10.0.0.26', os.name: 'Windows 10', os.arch: 'amd64', os.version: '10.0', java.version: '1.8.0_161'Driver info: org.openqa.selenium.firefox.FirefoxDriverCapabilities {acceptInsecureCerts: true, browserName: firefox, browserVersion: 58.0.1, javascriptEnabled: true, moz:accessibilityChecks: false, moz:headless: false, moz:processID: 14900, moz:profile: C:\Users\Rigat\AppData\Loca..., moz:webdriverClick: true, pageLoadStrategy: normal, platform: XP, platformName: XP, platformVersion: 10.0, rotatable: false, timeouts: {implicit: 0, pageLoad: 300000, script: 30000}}Session ID: e52936bd-72da-4b95-b87d-6ccf72e059a3at org.openqa.selenium.remote.http.W3CHttpResponseCodec.createException(W3CHttpResponseCodec.java:187)at org.openqa.selenium.remote.http.W3CHttpResponseCodec.decode(W3CHttpResponseCodec.java:122)at org.openqa.selenium.remote.http.W3CHttpResponseCodec.decode(W3CHttpResponseCodec.java:49)at org.openqa.selenium.remote.HttpCommandExecutor.execute(HttpCommandExecutor.java:164)at org.openqa.selenium.remote.service.DriverCommandExecutor.execute(DriverCommandExecutor.java:83)at org.openqa.selenium.remote.RemoteWebDriver.execute(RemoteWebDriver.java:600)at org.openqa.selenium.remote.RemoteWebElement.execute(RemoteWebElement.java:279)at org.openqa.selenium.remote.RemoteWebElement.click(RemoteWebElement.java:83)at xboxLivePageObjects_Lib.FriendsandClubsComponent.viewAccount(FriendsandClubsComponent.java:175)at xboxLiveTestFramework_Tests.MyXboxHomePageTest.viewAccounts(MyXboxHomePageTest.java:219)... Removed 33 stack frames]]>
    </failure>
  </testcase> <!-- viewAccounts -->
  <testcase name="removeSuggestions" time="0.0" classname="xboxLiveTestFramework_Tests.FriendsAndClubsSideBarTest">
    <ignored/>
  </testcase> <!-- removeSuggestions -->
  <testcase name="checkMainProfile" time="0.0" classname="xboxLiveTestFramework_Tests.UnitContentTest">
    <ignored/>
  </testcase> <!-- checkMainProfile -->
  <testcase name="regression" time="0.0" classname="xboxLiveTestFramework_Tests.RegressionTest">
    <ignored/>
  </testcase> <!-- regression -->
  <testcase name="checkSignInComponent" time="0.0" classname="xboxLiveTestFramework_Tests.UnitContentTest">
    <ignored/>
  </testcase> <!-- checkSignInComponent -->
  <testcase name="checkMainHome" time="0.0" classname="xboxLiveTestFramework_Tests.UnitContentTest">
    <ignored/>
  </testcase> <!-- checkMainHome -->
  <testcase name="seeAllFilter" time="0.0" classname="xboxLiveTestFramework_Tests.FriendsAndClubsSideBarTest">
    <ignored/>
  </testcase> <!-- seeAllFilter -->
  <testcase name="signUpMainToXboxHome" time="0.0" classname="xboxLiveTestFramework_Tests.SignInProfileTest">
    <ignored/>
  </testcase> <!-- signUpMainToXboxHome -->
  <testcase name="checkMainAchievements" time="0.0" classname="xboxLiveTestFramework_Tests.UnitContentTest">
    <ignored/>
  </testcase> <!-- checkMainAchievements -->
  <testcase name="signUpMainToXboxMyGames" time="0.0" classname="xboxLiveTestFramework_Tests.SignInProfileTest">
    <ignored/>
  </testcase> <!-- signUpMainToXboxMyGames -->
  <testcase name="signUpFromMainToProfile" time="0.0" classname="xboxLiveTestFramework_Tests.SignInProfileTest">
    <ignored/>
  </testcase> <!-- signUpFromMainToProfile -->
  <testcase name="checkMainFriends" time="0.0" classname="xboxLiveTestFramework_Tests.UnitContentTest">
    <ignored/>
  </testcase> <!-- checkMainFriends -->
  <testcase name="checkMainTrending" time="0.0" classname="xboxLiveTestFramework_Tests.UnitContentTest">
    <ignored/>
  </testcase> <!-- checkMainTrending -->
  <testcase name="signUpMainToXboxTrendOnLive" time="0.0" classname="xboxLiveTestFramework_Tests.SignInProfileTest">
    <ignored/>
  </testcase> <!-- signUpMainToXboxTrendOnLive -->
  <testcase name="f" time="0.0" classname="xboxLiveTestFramework_Tests.MyXboxProfilePage">
    <ignored/>
  </testcase> <!-- f -->
  <testcase name="checkMainMessages" time="0.0" classname="xboxLiveTestFramework_Tests.UnitContentTest">
    <ignored/>
  </testcase> <!-- checkMainMessages -->
  <testcase name="viewAccounts" time="0.0" classname="xboxLiveTestFramework_Tests.FriendsAndClubsSideBarTest">
    <ignored/>
  </testcase> <!-- viewAccounts -->
  <testcase name="signUpMainToXboxMessages" time="0.0" classname="xboxLiveTestFramework_Tests.SignInProfileTest">
    <ignored/>
  </testcase> <!-- signUpMainToXboxMessages -->
  <testcase name="signUpMainToXboxAchievements" time="0.0" classname="xboxLiveTestFramework_Tests.SignInProfileTest">
    <ignored/>
  </testcase> <!-- signUpMainToXboxAchievements -->
  <testcase name="checkMainClubs" time="0.0" classname="xboxLiveTestFramework_Tests.UnitContentTest">
    <ignored/>
  </testcase> <!-- checkMainClubs -->
  <testcase name="generalFilters" time="0.0" classname="xboxLiveTestFramework_Tests.FriendsAndClubsSideBarTest">
    <ignored/>
  </testcase> <!-- generalFilters -->
  <testcase name="findByText" time="0.0" classname="xboxLiveTestFramework_Tests.FriendsAndClubsSideBarTest">
    <ignored/>
  </testcase> <!-- findByText -->
  <testcase name="signUpMainToXboxFriends" time="0.0" classname="xboxLiveTestFramework_Tests.SignInProfileTest">
    <ignored/>
  </testcase> <!-- signUpMainToXboxFriends -->
  <testcase name="navigatingToFaceBook" time="0.0" classname="xboxLiveTestFramework_Tests.FriendsAndClubsSideBarTest">
    <ignored/>
  </testcase> <!-- navigatingToFaceBook -->
  <testcase name="checkMainMyGame" time="0.0" classname="xboxLiveTestFramework_Tests.UnitContentTest">
    <ignored/>
  </testcase> <!-- checkMainMyGame -->
</testsuite> <!-- Tests -->
